PRT1
315
826
4 0 12 (2048 1664 2697.739990 ) (2048 1821.579956 2697.739990 ) (2048 1821.579956 -0.741228 ) (2048 1664 -0.741228 ) 
4 0 2 (2320 1664 384 ) (2320 1664 2697.739990 ) (2048 1664 2697.739990 ) (2048 1664 384 ) 
4 0 3 (2048 1664 -0.741228 ) (2320 1664 -0.741228 ) (2320 1664 352 ) (2048 1664 352 ) 
4 0 1 (2320 1664 -0.741228 ) (2460.979980 1664 -0.741228 ) (2460.979980 1664 2697.739990 ) (2320 1664 2697.739990 ) 
4 1 10 (2320 1024 -0.741228 ) (2460.979980 1024 -0.741228 ) (2460.979980 1024 384 ) (2320 1024 384 ) 
4 1 4 (2460.979980 1024 384 ) (2460.979980 1024 2697.739990 ) (2320 1024 2697.739990 ) (2320 1024 384 ) 
4 1 2 (2320 1664 2697.739990 ) (2320 1664 384 ) (2320 1024 384 ) (2320 1024 2697.739990 ) 
4 1 3 (2320 1664 352 ) (2320 1664 -0.741228 ) (2320 1024 -0.741228 ) (2320 1024 352 ) 
4 2 13 (2048 1024 384 ) (2048 1024 2697.739990 ) (2048 1664 2697.739990 ) (2048 1664 384 ) 
4 2 9 (2048 1024 512 ) (2048 1024 384 ) (2128 1024 384 ) (2128 1024 512 ) 
4 2 7 (2048 1024 2697.739990 ) (2048 1024 512 ) (2128 1024 512 ) (2128 1024 2697.739990 ) 
4 2 5 (2128 1024 384 ) (2144 1024 384 ) (2144 1024 2697.739990 ) (2128 1024 2697.739990 ) 
4 2 4 (2144 1024 384 ) (2320 1024 384 ) (2320 1024 2697.739990 ) (2144 1024 2697.739990 ) 
4 3 14 (2048 1024 -0.741228 ) (2048 1024 352 ) (2048 1664 352 ) (2048 1664 -0.741228 ) 
4 3 11 (2048 1024 352 ) (2048 1024 -0.741228 ) (2320 1024 -0.741228 ) (2320 1024 352 ) 
4 4 39 (2460.979980 0 2697.739990 ) (2144 0 2697.739990 ) (2144 0 384 ) (2460.979980 0 384 ) 
4 4 10 (2460.979980 0 384 ) (2320 0 384 ) (2320 1024 384 ) (2460.979980 1024 384 ) 
4 4 6 (2144 0 512 ) (2144 0 2697.739990 ) (2144 752 2697.739990 ) (2144 752 512 ) 
4 4 5 (2144 1024 384 ) (2144 752 384 ) (2144 752 2697.739990 ) (2144 1024 2697.739990 ) 
4 5 9 (2128 1024 384 ) (2128 752 384 ) (2128 752 512 ) (2128 1024 512 ) 
4 5 7 (2128 752 512 ) (2128 752 2697.739990 ) (2128 1024 2697.739990 ) (2128 1024 512 ) 
4 5 6 (2128 752 2697.739990 ) (2128 752 512 ) (2144 752 512 ) (2144 752 2697.739990 ) 
4 6 40 (2144 0 2697.739990 ) (2128 0 2697.739990 ) (2128 0 512 ) (2144 0 512 ) 
4 6 7 (2128 0 512 ) (2128 0 2697.739990 ) (2128 752 2697.739990 ) (2128 752 512 ) 
4 7 41 (2128 0 2697.739990 ) (2048 0 2697.739990 ) (2048 0 512 ) (2128 0 512 ) 
4 7 20 (2048 0 512 ) (2048 0 2697.739990 ) (2048 1024 2697.739990 ) (2048 1024 512 ) 
4 7 9 (2048 1024 512 ) (2128 1024 512 ) (2128 747.433838 512 ) (2048 764.603760 512 ) 
4 7 8 (2128 731.433838 512 ) (2128 0 512 ) (2048 0 512 ) (2048 748.603699 512 ) 
4 8 41 (2048 0 512 ) (2048 0 384 ) (2128 0 384 ) (2128 0 512 ) 
4 8 23 (2048 0 384 ) (2048 0 512 ) (2048 464 512 ) (2048 464 384 ) 
4 8 21 (2048 464 512 ) (2048 748.603699 512 ) (2048 748.603760 384 ) (2048 464 384 ) 
4 9 22 (2048 764.603760 512 ) (2048 1024 512 ) (2048 1024 384 ) (2048 764.603760 384 ) 
4 10 42 (2460.979980 0 384 ) (2320 0 384 ) (2320 0 -0.741228 ) (2460.979980 0 -0.741228 ) 
4 10 11 (2320 1024 -0.741228 ) (2320 0 -0.741228 ) (2320 0 352 ) (2320 1024 352 ) 
4 11 43 (2048 0 352 ) (2048 0 -0.741228 ) (2320 0 -0.741228 ) (2320 0 352 ) 
4 11 27 (2048 0 -0.741228 ) (2048 0 352 ) (2048 1024 352 ) (2048 1024 -0.741228 ) 
4 12 18 (1024 1821.579956 -0.741228 ) (1024 1664 -0.741228 ) (1024 1664 384 ) (1024 1821.579956 384 ) 
4 12 17 (1024 1664 384 ) (1024 1664 512 ) (1024 1821.579956 512 ) (1024 1821.579956 384 ) 
4 12 15 (1024 1664 512 ) (1024 1664 2697.739990 ) (1024 1821.579956 2697.739990 ) (1024 1821.579956 512 ) 
4 12 13 (2048 1664 384 ) (2048 1664 2697.739990 ) (1024 1664 2697.739990 ) (1024 1664 384 ) 
4 12 14 (1024 1664 -0.741228 ) (2048 1664 -0.741228 ) (2048 1664 352 ) (1024 1664 352 ) 
4 13 22 (2048 1024 384 ) (2048 1024 512 ) (1024 1024 512 ) (1024 1024 384 ) 
4 13 20 (2048 1024 512 ) (2048 1024 2697.739990 ) (1024 1024 2697.739990 ) (1024 1024 512 ) 
4 13 17 (1024 1024 384 ) (1024 1024 512 ) (1024 1664 512 ) (1024 1664 384 ) 
4 13 15 (1024 1024 512 ) (1024 1024 2697.739990 ) (1024 1664 2697.739990 ) (1024 1664 512 ) 
4 14 27 (2048 1024 -0.741228 ) (2048 1024 352 ) (1024 1024 352 ) (1024 1024 -0.741228 ) 
4 14 19 (1024 1664 -0.741228 ) (1024 1024 -0.741228 ) (1024 1024 352 ) (1024 1664 352 ) 
4 15 86 (0 1024 512 ) (0 1024 2697.739990 ) (0 1821.579956 2697.739990 ) (0 1821.579956 512 ) 
4 15 28 (0 1024 2697.739990 ) (0 1024 512 ) (1024 1024 512 ) (1024 1024 2697.739990 ) 
5 15 17 (0 1821.579956 512 ) (1024 1821.579956 512 ) (1024 1024 512 ) (839.384460 1024 512 ) (0 1204.150879 512 ) 
3 15 16 (764.834839 1024 512 ) (0 1024 512 ) (0 1188.150879 512 ) 
4 16 87 (0 1024 384 ) (0 1024 512 ) (0 1188.150879 512 ) (0 1188.150879 384 ) 
4 16 29 (0 1024 512 ) (0 1024 384 ) (764.834778 1024 384 ) (764.834839 1024 512 ) 
4 17 88 (0 1204.150879 512 ) (0 1821.579956 512 ) (0 1821.579956 384 ) (0 1204.150879 384 ) 
4 17 31 (839.384399 1024 384 ) (1024 1024 384 ) (1024 1024 512 ) (839.384460 1024 512 ) 
4 17 18 (1024 1821.579956 384 ) (1024 1664 384 ) (0 1664 384 ) (0 1821.579956 384 ) 
4 18 90 (0 1664 384 ) (0 1821.579956 384 ) (0 1821.579956 -0.741228 ) (0 1664 -0.741228 ) 
4 18 19 (0 1664 -0.741228 ) (1024 1664 -0.741228 ) (1024 1664 352 ) (0 1664 352 ) 
4 19 91 (0 1024 -0.741228 ) (0 1024 352 ) (0 1664 352 ) (0 1664 -0.741228 ) 
4 19 38 (0 1024 352 ) (0 1024 -0.741228 ) (1024 1024 -0.741228 ) (1024 1024 352 ) 
4 20 51 (2048 0 512 ) (2048 0 2697.739990 ) (1024 0 2697.739990 ) (1024 0 512 ) 
4 20 28 (1024 1024 2697.739990 ) (1024 1024 512 ) (1024 0 512 ) (1024 0 2697.739990 ) 
4 20 25 (1280 272 512 ) (1408 272 512 ) (1408 256 512 ) (1280 256 512 ) 
4 20 26 (1024 0 512 ) (1024 256 512 ) (1520 256 512 ) (1520 0 512 ) 
4 20 24 (1024 272 512 ) (1024 448 512 ) (1520 448 512 ) (1520 272 512 ) 
4 20 23 (1536 464 512 ) (2048 464 512 ) (2048 0 512 ) (1536 0 512 ) 
4 20 22 (1024 984.377319 512 ) (1024 1024 512 ) (2048 1024 512 ) (2048 764.603760 512 ) 
4 20 21 (1024 464 512 ) (1024 968.377258 512 ) (2048 748.603760 512 ) (2048 464 512 ) 
4 21 30 (1024 721.509521 384 ) (1024 464 384 ) (1024 464 512 ) (1024 721.509521 512 ) 
4 21 29 (1024 968.377258 384 ) (1024 721.509521 384 ) (1024 721.509521 512 ) (1024 968.377258 512 ) 
4 21 23 (1536 464 384 ) (2048 464 384 ) (2048 464 512 ) (1536 464 512 ) 
4 22 31 (1024 1024 512 ) (1024 1024 384 ) (1024 984.377319 384 ) (1024 984.377319 512 ) 
4 23 52 (2048 0 384 ) (2048 0 512 ) (1536 0 512 ) (1536 0 384 ) 
4 24 33 (1024 448 384 ) (1024 272 384 ) (1024 272 512 ) (1024 448 512 ) 
4 24 25 (1280 272 384 ) (1408 272 384 ) (1408 272 512 ) (1280 272 512 ) 
4 25 26 (1280 256 384 ) (1408 256 384 ) (1408 256 512 ) (1280 256 512 ) 
4 26 53 (1520 0 512 ) (1024 0 512 ) (1024 0 384 ) (1520 0 384 ) 
4 26 36 (1024 256 384 ) (1024 0 384 ) (1024 0 512 ) (1024 256 512 ) 
4 27 57 (2048 0 -0.741228 ) (2048 0 352 ) (1024 0 352 ) (1024 0 -0.741228 ) 
4 27 38 (1024 1024 352 ) (1024 1024 -0.741228 ) (1024 0 -0.741228 ) (1024 0 352 ) 
4 28 106 (0 0 512 ) (0 0 528 ) (0 1024 528 ) (0 1024 512 ) 
4 28 105 (0 0 528 ) (0 0 560 ) (0 1024 560 ) (0 1024 528 ) 
4 28 103 (0 0 560 ) (0 0 2697.739990 ) (0 1024 2697.739990 ) (0 1024 560 ) 
4 28 58 (1024 0 512 ) (1024 0 2697.739990 ) (0 0 2697.739990 ) (0 0 512 ) 
4 28 36 (1024 0 512 ) (784 0 512 ) (784 256 512 ) (1024 256 512 ) 
4 28 37 (768 0 512 ) (0 0 512 ) (0 256 512 ) (768 256 512 ) 
3 28 35 (718.328369 448 512 ) (768 448 512 ) (768 289.523895 512 ) 
4 28 34 (0 256 512 ) (0 355.090637 512 ) (768 264.939087 512 ) (768 256 512 ) 
5 28 33 (768 448 512 ) (1024 448 512 ) (1024 272 512 ) (773.492554 272 512 ) (768 289.523895 512 ) 
4 28 32 (713.313416 464 512 ) (944 464 512 ) (944 448 512 ) (718.328369 448 512 ) 
3 28 31 (839.384399 1024 512 ) (1024 1024 512 ) (1024 984.377319 512 ) 
4 28 30 (608 800 512 ) (1024 721.509521 512 ) (1024 464 512 ) (713.313354 464 512 ) 
5 28 29 (0 914.717041 512 ) (0 1024 512 ) (764.834778 1024 512 ) (1024 968.377258 512 ) (1024 721.509521 512 ) 
4 29 110 (0 914.717041 512 ) (0 927.238220 512 ) (0 927.238281 384 ) (0 914.717041 384 ) 
4 29 107 (0 927.238220 512 ) (0 1024 512 ) (0 1024 384 ) (0 927.238281 384 ) 
4 29 30 (608 800 384 ) (1024 721.509766 384 ) (1024 721.508911 512 ) (608 800 512 ) 
4 30 32 (713.313416 464 384 ) (944 464 384 ) (944 464 512 ) (713.313354 464 512 ) 
4 32 35 (718.328308 448 384 ) (768 448 384 ) (768 448 512 ) (718.328369 448 512 ) 
4 32 33 (768 448 384 ) (944 448 384 ) (944 448 512 ) (768 448 512 ) 
4 33 35 (768 448 512 ) (768 448 384 ) (768 289.523895 384 ) (768 289.523895 512 ) 
4 34 119 (0 256 512 ) (0 355.090637 512 ) (0 355.090637 384 ) (0 256 384 ) 
4 34 37 (0 256 384 ) (768 256 384 ) (768 256 512 ) (0 256 512 ) 
4 36 59 (1024 0 384 ) (1024 0 512 ) (784 0 512 ) (784 0 384 ) 
4 37 121 (0 0 384 ) (0 0 512 ) (0 101.341248 512 ) (0 101.341248 384 ) 
4 37 119 (0 101.341248 512 ) (0 256 512 ) (0 256 384 ) (0 101.341248 384 ) 
4 37 62 (768 0 512 ) (0 0 512 ) (0 0 384 ) (768 0 384 ) 
4 38 127 (0 0 -0.741228 ) (0 0 352 ) (0 1024 352 ) (0 1024 -0.741228 ) 
4 38 67 (1024 0 -0.741228 ) (1024 0 352 ) (0 0 352 ) (0 0 -0.741228 ) 
4 39 44 (2460.979980 -1024 2697.739990 ) (2144 -1024 2697.739990 ) (2144 -1024 384 ) (2460.979980 -1024 384 ) 
4 39 42 (2460.979980 -1024 384 ) (2320 -1024 384 ) (2320 0 384 ) (2460.979980 0 384 ) 
4 39 40 (2144 -1024 512 ) (2144 -1024 2697.739990 ) (2144 0 2697.739990 ) (2144 0 512 ) 
4 40 45 (2144 -1024 2697.739990 ) (2128 -1024 2697.739990 ) (2128 -1024 512 ) (2144 -1024 512 ) 
4 40 41 (2128 -1024 512 ) (2128 -1024 2697.739990 ) (2128 0 2697.739990 ) (2128 0 512 ) 
4 41 52 (2048 -1024 384 ) (2048 -1024 512 ) (2048 0 512 ) (2048 0 384 ) 
4 41 51 (2048 -1024 512 ) (2048 -1024 2697.739990 ) (2048 0 2697.739990 ) (2048 0 512 ) 
4 41 46 (2128 -1024 2697.739990 ) (2048 -1024 2697.739990 ) (2048 -1024 384 ) (2128 -1024 384 ) 
4 42 49 (2460.979980 -1024 384 ) (2320 -1024 384 ) (2320 -1024 -0.741228 ) (2460.979980 -1024 -0.741228 ) 
4 42 43 (2320 0 -0.741228 ) (2320 -1024 -0.741228 ) (2320 -1024 352 ) (2320 0 352 ) 
4 43 57 (2048 -1024 -0.741228 ) (2048 -1024 352 ) (2048 0 352 ) (2048 0 -0.741228 ) 
4 43 50 (2048 -1024 352 ) (2048 -1024 -0.741228 ) (2320 -1024 -0.741228 ) (2320 -1024 352 ) 
4 44 77 (2320 -2048 2697.739990 ) (2144 -2048 2697.739990 ) (2144 -2048 384 ) (2320 -2048 384 ) 
4 44 76 (2460.979980 -2048 2697.739990 ) (2320 -2048 2697.739990 ) (2320 -2048 384 ) (2460.979980 -2048 384 ) 
4 44 49 (2460.979980 -2048 384 ) (2320 -2048 384 ) (2320 -1024 384 ) (2460.979980 -1024 384 ) 
4 44 47 (2144 -1392 512 ) (2144 -1392 2697.739990 ) (2144 -1376 2697.739990 ) (2144 -1376 512 ) 
4 44 48 (2144 -1392 384 ) (2144 -2048 384 ) (2144 -2048 2697.739990 ) (2144 -1392 2697.739990 ) 
4 44 45 (2144 -1376 512 ) (2144 -1376 2697.739990 ) (2144 -1024 2697.739990 ) (2144 -1024 512 ) 
4 45 47 (2144 -1376 512 ) (2144 -1376 2697.739990 ) (2128 -1376 2697.739990 ) (2128 -1376 512 ) 
4 45 46 (2128 -1376 512 ) (2128 -1376 2697.739990 ) (2128 -1024 2697.739990 ) (2128 -1024 512 ) 
4 46 69 (2048 -1024 512 ) (2048 -1024 384 ) (2048 -1376 384 ) (2048 -1376 512 ) 
4 46 68 (2048 -1376 2697.739990 ) (2048 -1024 2697.739990 ) (2048 -1024 512 ) (2048 -1376 512 ) 
4 46 47 (2128 -1376 512 ) (2128 -1376 2697.739990 ) (2048 -1376 2697.739990 ) (2048 -1376 512 ) 
4 47 68 (2048 -1392 2697.739990 ) (2048 -1376 2697.739990 ) (2048 -1376 512 ) (2048 -1392 512 ) 
4 47 48 (2144 -1392 512 ) (2144 -1392 2697.739990 ) (2048 -1392 2697.739990 ) (2048 -1392 512 ) 
4 48 77 (2144 -2048 2697.739990 ) (2048 -2048 2697.739990 ) (2048 -2048 384 ) (2144 -2048 384 ) 
4 48 70 (2048 -2048 384 ) (2048 -2048 512 ) (2048 -1392 512 ) (2048 -1392 384 ) 
4 48 68 (2048 -2048 512 ) (2048 -2048 2697.739990 ) (2048 -1392 2697.739990 ) (2048 -1392 512 ) 
4 49 76 (2460.979980 -2048 384 ) (2320 -2048 384 ) (2320 -2048 -0.741228 ) (2460.979980 -2048 -0.741228 ) 
4 49 50 (2320 -1024 -0.741228 ) (2320 -2048 -0.741228 ) (2320 -2048 352 ) (2320 -1024 352 ) 
4 50 78 (2048 -2048 352 ) (2048 -2048 -0.741228 ) (2320 -2048 -0.741228 ) (2320 -2048 352 ) 
4 50 71 (2048 -2048 -0.741228 ) (2048 -2048 352 ) (2048 -1024 352 ) (2048 -1024 -0.741228 ) 
4 51 68 (2048 -1024 512 ) (2048 -1024 2697.739990 ) (1024 -1024 2697.739990 ) (1024 -1024 512 ) 
4 51 58 (1024 -1024 512 ) (1024 -1024 2697.739990 ) (1024 0 2697.739990 ) (1024 0 512 ) 
4 51 55 (1280 -640 512 ) (1280 -256 512 ) (1520 -256 512 ) (1520 -520 512 ) 
4 51 54 (1280 -128 512 ) (1536 -128 512 ) (1536 -256 512 ) (1280 -256 512 ) 
4 51 56 (1024 -1024 512 ) (1024 -128 512 ) (1280 -128 512 ) (1280 -1024 512 ) 
4 51 53 (1024 -128 512 ) (1024 0 512 ) (1520 0 512 ) (1520 -128 512 ) 
4 51 52 (1536 0 512 ) (2048 0 512 ) (2048 -1024 512 ) (1536 -1024 512 ) 
4 52 69 (2048 -1024 384 ) (2048 -1024 512 ) (1536 -1024 512 ) (1536 -1024 384 ) 
4 52 54 (1536 -128 384 ) (1536 -256 384 ) (1536 -256 512 ) (1536 -128 512 ) 
4 53 60 (1024 -128 512 ) (1024 -80 512 ) (1024 -80 384 ) (1024 -128 384 ) 
4 53 59 (1024 -80 512 ) (1024 0 512 ) (1024 0 384 ) (1024 -80 384 ) 
4 53 54 (1280 -128 384 ) (1520 -128 384 ) (1520 -128 512 ) (1280 -128 512 ) 
4 53 56 (1024 -128 384 ) (1280 -128 384 ) (1280 -128 512 ) (1024 -128 512 ) 
4 54 55 (1280 -256 512 ) (1280 -256 384 ) (1520 -256 384 ) (1520 -256 512 ) 
4 54 56 (1280 -128 512 ) (1280 -128 384 ) (1280 -256 384 ) (1280 -256 512 ) 
4 55 56 (1280 -256 384 ) (1280 -640 384 ) (1280 -640 512 ) (1280 -256 512 ) 
4 56 69 (1280 -1024 512 ) (1024 -1024 512 ) (1024 -1024 384 ) (1280 -1024 384 ) 
4 56 60 (1024 -704 512 ) (1024 -128 512 ) (1024 -128 384 ) (1024 -704 384 ) 
4 57 71 (2048 -1024 -0.741228 ) (2048 -1024 352 ) (1024 -1024 352 ) (1024 -1024 -0.741228 ) 
4 57 67 (1024 -1024 -0.741228 ) (1024 -1024 352 ) (1024 0 352 ) (1024 0 -0.741228 ) 
4 58 188 (0 -730.545471 528 ) (0 -251.666687 528 ) (0 -251.666687 512 ) (0 -730.545471 512 ) 
4 58 187 (0 -251.666687 528 ) (0 0 528 ) (0 0 512 ) (0 -251.666687 512 ) 
4 58 186 (0 -1024 512 ) (0 -1024 528 ) (0 -730.545471 528 ) (0 -730.545471 512 ) 
4 58 180 (0 -727.683838 560 ) (0 -278.875000 560 ) (0 -278.875000 528 ) (0 -727.683838 528 ) 
4 58 178 (0 -1024 528 ) (0 -1024 560 ) (0 -727.683838 560 ) (0 -727.683838 528 ) 
4 58 177 (0 -278.875000 560 ) (0 0 560 ) (0 0 528 ) (0 -278.875000 528 ) 
4 58 176 (0 -1024 560 ) (0 -1024 2697.739990 ) (0 0 2697.739990 ) (0 0 560 ) 
4 58 72 (0 -1024 2697.739990 ) (0 -1024 512 ) (1024 -1024 512 ) (1024 -1024 2697.739990 ) 
4 58 66 (0 -1008 512 ) (0 -640 512 ) (496 -640 512 ) (496 -1008 512 ) 
4 58 65 (640 -1024 512 ) (496 -1024 512 ) (496 -640 512 ) (640 -640 512 ) 
4 58 64 (0 -624 512 ) (0 -480 512 ) (640 -480 512 ) (640 -624 512 ) 
4 58 63 (640 -624 512 ) (640 -480 512 ) (736 -480 512 ) (736 -644 512 ) 
4 58 62 (0 -396.799561 512 ) (0 0 512 ) (768 0 512 ) (768 -448 512 ) 
3 58 61 (0 -480 512 ) (0 -428.799774 512 ) (768 -480 512 ) 
4 58 60 (768 -650.666687 512 ) (768 -80 512 ) (1024 -80 512 ) (1024 -704 512 ) 
4 58 59 (784 0 512 ) (1024 0 512 ) (1024 -80 512 ) (784 -80 512 ) 
4 59 60 (784 -80 384 ) (1024 -80 384 ) (1024 -80 512 ) (784 -80 512 ) 
4 60 62 (768 -80 384 ) (768 -448 384 ) (768 -448 512 ) (768 -80 512 ) 
4 61 193 (0 -480 512 ) (0 -428.799774 512 ) (0 -428.799774 384 ) (0 -480 384 ) 
4 61 64 (0 -480 384 ) (640 -480 384 ) (640 -480 512 ) (0 -480 512 ) 
4 61 63 (640 -480 384 ) (736 -480 384 ) (736 -480 512 ) (640 -480 512 ) 
4 62 192 (0 -396.799561 512 ) (0 0 512 ) (0 0 384 ) (0 -396.799591 384 ) 
4 63 64 (640 -480 512 ) (640 -480 384 ) (640 -624 384 ) (640 -624 512 ) 
4 64 193 (0 -624 512 ) (0 -480 512 ) (0 -480 384 ) (0 -624 384 ) 
4 65 73 (496 -1024 384 ) (640 -1024 384 ) (640 -1024 512 ) (496 -1024 512 ) 
4 65 66 (496 -640 512 ) (496 -640 384 ) (496 -1008 384 ) (496 -1008 512 ) 
4 66 195 (0 -1008 512 ) (0 -640 512 ) (0 -640 384 ) (0 -1008 384 ) 
4 67 204 (0 -1024 -0.741228 ) (0 -1024 352 ) (0 0 352 ) (0 0 -0.741228 ) 
4 67 75 (0 -1024 352 ) (0 -1024 -0.741228 ) (1024 -1024 -0.741228 ) (1024 -1024 352 ) 
4 68 80 (2048 -2048 512 ) (2048 -2048 2697.739990 ) (1024 -2048 2697.739990 ) (1024 -2048 512 ) 
4 68 72 (1024 -1024 2697.739990 ) (1024 -1024 512 ) (1024 -2048 512 ) (1024 -2048 2697.739990 ) 
4 68 69 (1024 -1376 512 ) (1024 -1024 512 ) (2048 -1024 512 ) (2048 -1376 512 ) 
4 68 70 (2048 -2048 512 ) (1024 -2048 512 ) (1024 -1392 512 ) (2048 -1392 512 ) 
4 69 73 (1024 -1024 512 ) (1024 -1024 384 ) (1024 -1376 384 ) (1024 -1376 512 ) 
4 70 80 (2048 -2048 384 ) (2048 -2048 512 ) (1024 -2048 512 ) (1024 -2048 384 ) 
4 70 74 (1024 -1392 384 ) (1024 -2048 384 ) (1024 -2048 512 ) (1024 -1392 512 ) 
4 71 81 (2048 -2048 -0.741228 ) (2048 -2048 352 ) (1024 -2048 352 ) (1024 -2048 -0.741228 ) 
4 71 75 (1024 -1024 352 ) (1024 -1024 -0.741228 ) (1024 -2048 -0.741228 ) (1024 -2048 352 ) 
4 72 233 (0 -2048 512 ) (0 -2048 2697.739990 ) (0 -1024 2697.739990 ) (0 -1024 512 ) 
4 72 83 (0 -2048 2697.739990 ) (0 -2048 512 ) (1024 -2048 512 ) (1024 -2048 2697.739990 ) 
4 72 73 (0 -1376 512 ) (0 -1024 512 ) (1024 -1024 512 ) (1024 -1376 512 ) 
4 72 74 (1024 -2048 512 ) (0 -2048 512 ) (0 -1392 512 ) (1024 -1392 512 ) 
4 73 234 (0 -1376 512 ) (0 -1024 512 ) (0 -1024 384 ) (0 -1376 384 ) 
4 74 237 (0 -2048 384 ) (0 -2048 512 ) (0 -1392 512 ) (0 -1392 384 ) 
4 74 83 (0 -2048 512 ) (0 -2048 384 ) (1024 -2048 384 ) (1024 -2048 512 ) 
4 75 251 (0 -2048 -0.741228 ) (0 -2048 352 ) (0 -1024 352 ) (0 -1024 -0.741228 ) 
4 75 84 (0 -2048 352 ) (0 -2048 -0.741228 ) (1024 -2048 -0.741228 ) (1024 -2048 352 ) 
4 76 79 (2320 -2112 -0.741228 ) (2460.979980 -2112 -0.741228 ) (2460.979980 -2112 2697.739990 ) (2320 -2112 2697.739990 ) 
4 76 77 (2320 -2112 384 ) (2320 -2112 2697.739990 ) (2320 -2048 2697.739990 ) (2320 -2048 384 ) 
4 76 78 (2320 -2048 -0.741228 ) (2320 -2112 -0.741228 ) (2320 -2112 352 ) (2320 -2048 352 ) 
4 77 80 (2048 -2048 2697.739990 ) (2048 -2048 384 ) (2048 -2112 384 ) (2048 -2112 2697.739990 ) 
4 77 79 (2320 -2112 384 ) (2320 -2112 2697.739990 ) (2048 -2112 2697.739990 ) (2048 -2112 384 ) 
4 78 81 (2048 -2048 352 ) (2048 -2048 -0.741228 ) (2048 -2112 -0.741228 ) (2048 -2112 352 ) 
4 78 79 (2048 -2112 -0.741228 ) (2320 -2112 -0.741228 ) (2320 -2112 352 ) (2048 -2112 352 ) 
4 79 82 (2048 -2112 -0.741228 ) (2048 -2301.580078 -0.741228 ) (2048 -2301.580078 2697.739990 ) (2048 -2112 2697.739990 ) 
4 80 83 (1024 -2048 2697.739990 ) (1024 -2048 384 ) (1024 -2112 384 ) (1024 -2112 2697.739990 ) 
4 80 82 (2048 -2112 384 ) (2048 -2112 2697.739990 ) (1024 -2112 2697.739990 ) (1024 -2112 384 ) 
4 81 84 (1024 -2048 352 ) (1024 -2048 -0.741228 ) (1024 -2112 -0.741228 ) (1024 -2112 352 ) 
4 81 82 (1024 -2112 -0.741228 ) (2048 -2112 -0.741228 ) (2048 -2112 352 ) (1024 -2112 352 ) 
4 82 85 (1024 -2112 -0.741228 ) (1024 -2301.580078 -0.741228 ) (1024 -2301.580078 2697.739990 ) (1024 -2112 2697.739990 ) 
4 83 305 (0 -2112 2697.739990 ) (0 -2048 2697.739990 ) (0 -2048 384 ) (0 -2112 384 ) 
4 83 85 (1024 -2112 384 ) (1024 -2112 2697.739990 ) (0 -2112 2697.739990 ) (0 -2112 384 ) 
4 84 306 (0 -2048 352 ) (0 -2048 -0.741228 ) (0 -2112 -0.741228 ) (0 -2112 352 ) 
4 84 85 (0 -2112 -0.741228 ) (1024 -2112 -0.741228 ) (1024 -2112 352 ) (0 -2112 352 ) 
4 85 307 (0 -2301.580078 2697.739990 ) (0 -2112 2697.739990 ) (0 -2112 -0.741228 ) (0 -2301.580078 -0.741228 ) 
4 86 106 (0 1024 512 ) (0 1024 528 ) (-1024 1024 528 ) (-1024 1024 512 ) 
4 86 105 (0 1024 528 ) (0 1024 560 ) (-1024 1024 560 ) (-1024 1024 528 ) 
4 86 103 (0 1024 560 ) (0 1024 2697.739990 ) (-1024 1024 2697.739990 ) (-1024 1024 560 ) 
4 86 92 (-1024 1024 512 ) (-1024 1024 2697.739990 ) (-1024 1821.579956 2697.739990 ) (-1024 1821.579956 512 ) 
3 86 89 (-1024 1024 512 ) (-1024 1054.996826 512 ) (-803.452454 1024 512 ) 
4 86 88 (-1024 1423.924438 512 ) (-1024 1821.579956 512 ) (0 1821.579956 512 ) (0 1204.150879 512 ) 
5 86 87 (-1024 1071.153320 512 ) (-1024 1407.924438 512 ) (0 1188.150879 512 ) (0 1024 512 ) (-688.489746 1024 512 ) 
4 87 107 (0 1024 384 ) (0 1024 512 ) (-688.489746 1024 512 ) (-688.489746 1024 384 ) 
4 87 98 (-1024 1407.924438 384 ) (-1024 1071.153320 384 ) (-1024 1071.153320 512 ) (-1024 1407.924438 512 ) 
4 88 100 (-1024 1456 384 ) (-1024 1423.924438 384 ) (-1024 1423.924438 512 ) (-1024 1456 512 ) 
4 88 99 (-1024 1472 384 ) (-1024 1456 384 ) (-1024 1456 512 ) (-1024 1472 512 ) 
4 88 96 (-1024 1821.579956 384 ) (-1024 1472 384 ) (-1024 1472 512 ) (-1024 1821.579956 512 ) 
4 88 90 (-1024 1664 384 ) (-1024 1821.579956 384 ) (0 1821.579956 384 ) (0 1664 384 ) 
4 89 125 (-896.398560 1024 512 ) (-1024 1024 512 ) (-1024 1024 384 ) (-896.398560 1024 384 ) 
4 89 109 (-803.452454 1024 512 ) (-896.398560 1024 512 ) (-896.398560 1024 384 ) (-803.452454 1024 384 ) 
4 89 95 (-1024 1054.996826 384 ) (-1024 1024 384 ) (-1024 1024 512 ) (-1024 1054.996826 512 ) 
4 90 101 (-1024 1821.579956 -0.741228 ) (-1024 1664 -0.741228 ) (-1024 1664 384 ) (-1024 1821.579956 384 ) 
4 90 91 (-1024 1664 -0.741228 ) (0 1664 -0.741228 ) (0 1664 352 ) (-1024 1664 352 ) 
4 91 127 (0 1024 -0.741228 ) (0 1024 352 ) (-1024 1024 352 ) (-1024 1024 -0.741228 ) 
4 91 102 (-1024 1664 -0.741228 ) (-1024 1024 -0.741228 ) (-1024 1024 352 ) (-1024 1664 352 ) 
4 92 156 (-2048 1024 512 ) (-2048 1024 2697.739990 ) (-2048 1821.579956 2697.739990 ) (-2048 1821.579956 512 ) 
4 92 134 (-2048 1024 528 ) (-2048 1024 512 ) (-1024 1024 512 ) (-1024 1024 528 ) 
4 92 129 (-1144 1024 528 ) (-1024 1024 528 ) (-1024 1024 560 ) (-1144 1024 560 ) 
4 92 130 (-2048 1024 560 ) (-2048 1024 528 ) (-1144 1024 528 ) (-1144 1024 560 ) 
4 92 128 (-2048 1024 2697.739990 ) (-2048 1024 560 ) (-1024 1024 560 ) (-1024 1024 2697.739990 ) 
3 92 100 (-1024 1456 512 ) (-1024 1423.924438 512 ) (-1173.450684 1456 512 ) 
4 92 99 (-1248 1472 512 ) (-1024 1472 512 ) (-1024 1456 512 ) (-1173.450684 1456 512 ) 
5 92 98 (-1252.831299 1456 512 ) (-1248 1456 512 ) (-1024 1407.924438 512 ) (-1024 1071.153320 512 ) (-1301.489746 1110.152222 512 ) 
4 92 97 (-2048 1198.914795 512 ) (-2048 1456 512 ) (-1252.831299 1456 512 ) (-1303.718628 1094.309814 512 ) 
4 92 96 (-2048 1472 512 ) (-2048 1821.579956 512 ) (-1024 1821.579956 512 ) (-1024 1472 512 ) 
5 92 95 (-1024 1024 512 ) (-1199.740234 1024 512 ) (-1296.510010 1048.130005 512 ) (-1286.796143 1091.931396 512 ) (-1024 1054.996826 512 ) 
3 92 94 (-1312.030029 1052 512 ) (-1711.606445 1151.636353 512 ) (-1302.686035 1094.164673 512 ) 
4 92 93 (-1199.740234 1024 512 ) (-2048 1024 512 ) (-2048 1198.914795 512 ) (-1711.606445 1151.636353 512 ) 
4 93 159 (-2048 1152 512 ) (-2048 1198.914795 512 ) (-2048 1198.914795 384 ) (-2048 1152 384 ) 
4 93 152 (-2048 1024 512 ) (-2048 1024 384 ) (-1872 1024 384 ) (-1872 1024 512 ) 
4 93 149 (-1872 1024 384 ) (-1856 1024 384 ) (-1856 1024 512 ) (-1872 1024 512 ) 
4 93 136 (-1856 1024 384 ) (-1199.740234 1024 384 ) (-1199.740234 1024 512 ) (-1856 1024 512 ) 
4 93 97 (-1711.608398 1151.636963 384 ) (-2048 1198.915039 384 ) (-2048 1198.914063 512 ) (-1711.599487 1151.634644 512 ) 
4 93 95 (-1199.738281 1024 384 ) (-1296.509888 1048.130249 384 ) (-1296.510132 1048.129639 512 ) (-1199.741943 1024 512 ) 
4 93 94 (-1312.030029 1052 384 ) (-1711.607422 1151.636230 384 ) (-1711.607422 1151.636230 512 ) (-1312.030029 1052 512 ) 
4 94 97 (-1303.718628 1094.310059 384 ) (-1711.608398 1151.636963 384 ) (-1711.599487 1151.634644 512 ) (-1303.718750 1094.309082 512 ) 
4 95 136 (-1199.740234 1024 384 ) (-1024 1024 384 ) (-1024 1024 512 ) (-1199.740234 1024 512 ) 
4 96 157 (-2048 1472 512 ) (-2048 1821.579956 512 ) (-2048 1821.579956 384 ) (-2048 1472 384 ) 
4 96 101 (-1024 1821.579956 384 ) (-1024 1664 384 ) (-2048 1664 384 ) (-2048 1821.579956 384 ) 
4 96 99 (-1248 1472 384 ) (-1024 1472 384 ) (-1024 1472 512 ) (-1248 1472 512 ) 
4 97 159 (-2048 1198.914795 512 ) (-2048 1280 512 ) (-2048 1280 384 ) (-2048 1198.914795 384 ) 
4 97 98 (-1301.489380 1110.152222 384 ) (-1252.830811 1456 384 ) (-1252.830811 1456 512 ) (-1301.489380 1110.152100 512 ) 
4 99 100 (-1173.450562 1456 384 ) (-1024 1456 384 ) (-1024 1456 512 ) (-1173.450562 1456 512 ) 
4 101 163 (-2048 1664 384 ) (-2048 1821.579956 384 ) (-2048 1821.579956 -0.741228 ) (-2048 1664 -0.741228 ) 
4 101 102 (-2048 1664 -0.741228 ) (-1024 1664 -0.741228 ) (-1024 1664 352 ) (-2048 1664 352 ) 
4 102 164 (-2048 1024 -0.741228 ) (-2048 1024 352 ) (-2048 1664 352 ) (-2048 1664 -0.741228 ) 
4 102 155 (-2048 1024 352 ) (-2048 1024 -0.741228 ) (-1024 1024 -0.741228 ) (-1024 1024 352 ) 
4 103 176 (0 0 560 ) (0 0 2697.739990 ) (-1024 0 2697.739990 ) (-1024 0 560 ) 
4 103 128 (-1024 1024 2697.739990 ) (-1024 1024 560 ) (-1024 0 560 ) (-1024 0 2697.739990 ) 
5 103 105 (-1024 1024 560 ) (0 1024 560 ) (0 0 560 ) (-713.919983 0 560 ) (-1024 121.125015 560 ) 
3 103 104 (-754.880005 0 560 ) (-1024 0 560 ) (-1024 105.125015 560 ) 
4 104 181 (-754.880005 0 560 ) (-1024 0 560 ) (-1024 0 528 ) (-754.880005 0 528 ) 
4 104 132 (-1024 105.125000 528 ) (-1024 0 528 ) (-1024 0 560 ) (-1024 105.125015 560 ) 
4 105 177 (0 0 528 ) (0 0 560 ) (-713.919983 0 560 ) (-713.919983 0 528 ) 
4 105 133 (-1024 164 528 ) (-1024 121.125000 528 ) (-1024 121.125015 560 ) (-1024 164 560 ) 
4 105 129 (-1024 1024 560 ) (-1024 1024 528 ) (-1024 164 528 ) (-1024 164 560 ) 
5 105 106 (0 0 528 ) (-657.821838 0 528 ) (-1024 140.090881 528 ) (-1024 1024 528 ) (0 1024 528 ) 
4 106 187 (0 0 512 ) (0 0 528 ) (-657.821838 0 528 ) (-657.821838 0 512 ) 
4 106 134 (-1024 1024 528 ) (-1024 1024 512 ) (-1024 140.090881 512 ) (-1024 140.090897 528 ) 
3 106 126 (-1024 623.750977 512 ) (-1024 874.549072 512 ) (-959.417969 856.638000 512 ) 
4 106 125 (-1024 1024 512 ) (-896.398621 1024 512 ) (-944 852.362000 512 ) (-1024 874.549072 512 ) 
5 106 123 (-968.342773 118.797806 512 ) (-1024 140.090897 512 ) (-1024 563.903870 512 ) (-962.775208 784.663818 512 ) (-761.331238 739.998901 512 ) 
4 106 122 (-495.259003 278.001038 512 ) (-454.144257 408.400299 512 ) (-437.966675 406.501282 512 ) (-480 273.189026 512 ) 
4 106 121 (0 101.341248 512 ) (0 0 512 ) (-296.382629 0 512 ) (-240.514999 177.188995 512 ) 
4 106 120 (-313.158661 0 512 ) (-566.136475 0 512 ) (-485.872528 254.563873 512 ) (-255.774017 182.001007 512 ) 
4 106 119 (0 355.090637 512 ) (0 101.341248 512 ) (-485.872528 254.563873 512 ) (-437.966675 406.501282 512 ) 
5 106 118 (-464.150818 376.663513 512 ) (-505.197510 246.480072 512 ) (-615.939026 306.604034 512 ) (-554.285645 420.155365 512 ) (-541.478760 418.652039 512 ) 
3 106 117 (-454.144257 408.400299 512 ) (-464.150818 376.663513 512 ) (-541.478760 418.652039 512 ) 
3 106 116 (-630 314.238037 512 ) (-634.575623 316.722229 512 ) (-582.980408 400.838013 512 ) 
5 106 115 (-743.950073 376.103943 512 ) (-700.915283 505.224915 512 ) (-566.060974 432 512 ) (-582.980347 400.838165 512 ) (-634.575623 316.722229 512 ) 
4 106 114 (-700.915283 505.224915 512 ) (-632.207153 711.375732 512 ) (-421.194611 664.597900 512 ) (-564.414551 431.106018 512 ) 
5 106 113 (-582.912415 0 512 ) (-657.821838 0 512 ) (-845.385925 71.757492 512 ) (-743.950073 376.103943 512 ) (-505.197510 246.480072 512 ) 
4 106 112 (-845.385925 71.757492 512 ) (-968.342773 118.797806 512 ) (-756.243958 755.264771 512 ) (-627.120117 726.638855 512 ) 
4 106 111 (-248.577164 946.016663 512 ) (-412.345459 679.024719 512 ) (-427.822174 682.455811 512 ) (-318.465363 955.838013 512 ) 
4 106 110 (-232 959.843994 512 ) (0 927.238220 512 ) (0 914.717041 512 ) (-232.185318 958.525574 512 ) 
5 106 109 (-896.398621 1024 512 ) (-803.452332 1024 512 ) (-471.658020 977.367981 512 ) (-539.207886 707.149292 512 ) (-958.493591 800.102234 512 ) 
4 106 108 (-467.755890 992.977600 512 ) (-312.345978 971.135986 512 ) (-427.822174 682.455811 512 ) (-539.207886 707.149292 512 ) 
3 106 107 (-688.489868 1024 512 ) (0 1024 512 ) (0 927.238220 512 ) 
4 107 110 (-232 959.844177 384 ) (0 927.238403 384 ) (0 927.237915 512 ) (-232 959.843689 512 ) 
4 107 108 (-467.755798 992.977783 384 ) (-312.346802 971.136292 384 ) (-312.346130 971.135681 512 ) (-467.755951 992.977295 512 ) 
4 108 111 (-427.821075 682.458496 512 ) (-427.821625 682.459595 384 ) (-318.466034 955.838135 384 ) (-318.465118 955.838013 512 ) 
4 108 109 (-471.659027 977.368164 384 ) (-539.208496 707.151428 384 ) (-539.208740 707.150513 512 ) (-471.659027 977.368164 512 ) 
4 109 125 (-896.400146 1024 384 ) (-944.001465 852.362427 384 ) (-944.001160 852.362305 512 ) (-896.399780 1024 512 ) 
4 109 112 (-756.244019 755.264893 384 ) (-627.121521 726.639282 384 ) (-627.120300 726.638306 512 ) (-756.244263 755.264160 512 ) 
4 112 123 (-761.331848 740 384 ) (-969.059570 116.650375 384 ) (-969.059570 116.650375 512 ) (-761.332153 740 512 ) 
4 112 115 (-743.951538 376.104736 384 ) (-700.916809 505.225739 384 ) (-700.915405 505.224976 512 ) (-743.950134 376.103943 512 ) 
4 112 114 (-700.916809 505.225739 384 ) (-632.209167 711.375305 384 ) (-632.207336 711.375793 512 ) (-700.915405 505.224976 512 ) 
4 112 113 (-845.875977 70.286865 512 ) (-845.877441 70.287415 384 ) (-743.951538 376.104736 384 ) (-743.950134 376.103943 512 ) 
4 113 197 (-582.912476 0 512 ) (-659.137329 0 512 ) (-659.137329 0 384 ) (-582.912415 0 384 ) 
4 113 118 (-505.197266 246.481445 512 ) (-505.197266 246.481445 384 ) (-615.938416 306.605133 384 ) (-615.938416 306.605133 512 ) 
4 113 116 (-630 314.239105 384 ) (-634.574951 316.723267 384 ) (-634.574951 316.723267 512 ) (-630 314.239105 512 ) 
4 113 115 (-634.574951 316.723267 384 ) (-743.951721 376.106201 384 ) (-743.950317 376.105438 512 ) (-634.574951 316.723267 512 ) 
4 114 115 (-700.914978 505.225708 512 ) (-700.916382 505.226471 384 ) (-566.060608 432 384 ) (-566.060608 432 512 ) 
4 115 116 (-634.574219 316.720703 512 ) (-634.574219 316.720703 384 ) (-582.998047 400.805511 384 ) (-582.998535 400.804749 512 ) 
4 117 122 (-464.150299 376.663208 384 ) (-454.143646 408.400238 384 ) (-454.143616 408.400238 512 ) (-464.150269 376.663177 512 ) 
4 117 118 (-541.475342 418.651642 384 ) (-464.151459 376.665253 384 ) (-464.151459 376.665253 512 ) (-541.475342 418.651642 512 ) 
4 118 122 (-495.258423 278 384 ) (-464.150299 376.663208 384 ) (-464.150269 376.663177 512 ) (-495.258423 278 512 ) 
4 119 122 (-437.966797 406.500000 512 ) (-437.966797 406.500000 384 ) (-480 273.188934 384 ) (-480 273.188934 512 ) 
4 119 121 (-240.515152 177.188507 384 ) (0 101.340698 384 ) (0 101.340286 512 ) (-240.515198 177.188293 512 ) 
4 119 120 (-485.873047 254.563477 512 ) (-485.873047 254.563477 384 ) (-255.774170 182 384 ) (-255.774216 182 512 ) 
4 120 198 (-313.158661 0 512 ) (-566.136414 0 512 ) (-566.136475 0 384 ) (-313.158661 0 384 ) 
4 121 199 (-272 0 512 ) (-296.382629 0 512 ) (-296.382629 0 384 ) (-272 0 384 ) 
4 121 192 (0 0 384 ) (0 0 512 ) (-20 0 512 ) (-20 0 384 ) 
4 121 191 (-50.002277 0 512 ) (-272 0 512 ) (-272 0 384 ) (-49.995468 0 384 ) 
4 121 190 (-20 0 512 ) (-50.002277 0 512 ) (-49.995468 0 384 ) (-20 0 384 ) 
4 123 141 (-1024 563.903931 384 ) (-1024 551.467468 384 ) (-1024 551.502686 512 ) (-1024 563.903931 512 ) 
4 123 137 (-1024 551.467468 384 ) (-1024 137.328369 384 ) (-1024 137.328400 512 ) (-1024 551.502686 512 ) 
4 124 203 (-701.646301 0 512 ) (-1024 0 512 ) (-1024 0 384 ) (-701.646240 0 384 ) 
4 124 142 (-1024 121.328506 384 ) (-1024 0 384 ) (-1024 0 512 ) (-1024 121.328499 512 ) 
4 125 140 (-1024 960 384 ) (-1024 874.549011 384 ) (-1024 874.549011 512 ) (-1024 960 512 ) 
4 125 136 (-1024 1024 512 ) (-1024 1024 384 ) (-1024 960 384 ) (-1024 960 512 ) 
4 125 126 (-1024 874.550781 384 ) (-959.417725 856.638855 384 ) (-959.417786 856.638672 512 ) (-1024 874.549744 512 ) 
4 126 140 (-1024 874.549011 384 ) (-1024 623.751038 384 ) (-1024 623.751038 512 ) (-1024 874.549011 512 ) 
4 127 204 (0 0 -0.741228 ) (0 0 352 ) (-1024 0 352 ) (-1024 0 -0.741228 ) 
4 127 155 (-1024 1024 352 ) (-1024 1024 -0.741228 ) (-1024 0 -0.741228 ) (-1024 0 352 ) 
4 128 205 (-1024 0 560 ) (-1024 0 2697.739990 ) (-2048 0 2697.739990 ) (-2048 0 560 ) 
4 128 166 (-2048 0 560 ) (-2048 0 2697.739990 ) (-2048 1024 2697.739990 ) (-2048 1024 560 ) 
4 128 133 (-1124 164 560 ) (-1024 164 560 ) (-1024 121.125015 560 ) (-1125.104736 160.619064 560 ) 
4 128 132 (-1024 105.125015 560 ) (-1024 0 560 ) (-1177.584106 0 560 ) (-1129.740723 146.429993 560 ) 
5 128 131 (-2048 0 560 ) (-2048 164 560 ) (-1144 164 560 ) (-1144 151.757568 560 ) (-1193.584106 0 560 ) 
5 128 129 (-1144 1024 560 ) (-1024 1024 560 ) (-1024 164 560 ) (-1133.759888 164 560 ) (-1144 168 560 ) 
4 128 130 (-2048 164 560 ) (-2048 1024 560 ) (-1144 1024 560 ) (-1144 164 560 ) 
5 129 134 (-1144 1024 528 ) (-1024 1024 528 ) (-1024 164 528 ) (-1086.495117 164 528 ) (-1144 186 528 ) 
4 129 133 (-1124 164 528 ) (-1024 164 528 ) (-1024 164 560 ) (-1124 164 560 ) 
4 129 130 (-1144 1024 528 ) (-1144 168 528 ) (-1144 168 560 ) (-1144 1024 560 ) 
4 130 166 (-2048 164 560 ) (-2048 1024 560 ) (-2048 1024 528 ) (-2048 164 528 ) 
4 130 135 (-2048 164 528 ) (-2048 531.848511 528 ) (-1144 186 528 ) (-1152.639160 164 528 ) 
4 130 134 (-2048 531.848511 528 ) (-2048 1024 528 ) (-1144 1024 528 ) (-1144 186 528 ) 
4 130 131 (-2048 164 528 ) (-1144 164 528 ) (-1144 164 560 ) (-2048 164 560 ) 
4 131 209 (-1856.247314 0 560 ) (-2048 0 560 ) (-2048 0 528 ) (-1856.247437 0 528 ) 
4 131 206 (-1193.584106 0 560 ) (-1856.247314 0 560 ) (-1856.247437 0 528 ) (-1193.584229 0 528 ) 
4 131 166 (-2048 0 528 ) (-2048 0 560 ) (-2048 164 560 ) (-2048 164 528 ) 
4 131 135 (-1217.041138 0 528 ) (-2048 0 528 ) (-2048 164 528 ) (-1152.639160 164 528 ) 
4 132 207 (-1024 0 528 ) (-1024 0 560 ) (-1177.584106 0 560 ) (-1177.584106 0 528 ) 
3 133 134 (-1086.495117 164 528 ) (-1024 164 528 ) (-1024 140.090881 528 ) 
4 134 166 (-2048 531.848511 528 ) (-2048 1024 528 ) (-2048 1024 512 ) (-2048 531.848511 512 ) 
5 134 152 (-2048 687.031006 512 ) (-2048 1024 512 ) (-1872 1024 512 ) (-1872 640 512 ) (-1995.207764 594.605103 512 ) 
4 134 151 (-1872 624 512 ) (-1872 464.515167 512 ) (-1934.576904 488.455566 512 ) (-1987.658936 581.388977 512 ) 
3 134 150 (-2048 531.848511 512 ) (-2048 687.031006 512 ) (-1934.576904 488.455566 512 ) 
4 134 149 (-1872 1024 512 ) (-1856 1024 512 ) (-1856 640 512 ) (-1872 640 512 ) 
4 134 148 (-1316.039429 960 512 ) (-1151.919434 960 512 ) (-1267.820435 612.530151 512 ) (-1385.817993 645.251343 512 ) 
3 134 147 (-1389.285034 629.612793 512 ) (-1360.879883 621.735107 512 ) (-1389.619385 628.104858 512 ) 
5 134 146 (-1379.979004 276.279846 512 ) (-1475.868774 312.964935 512 ) (-1405.239136 631.566772 512 ) (-1360.879883 621.735107 512 ) (-1272.889648 597.332520 512 ) 
4 134 145 (-1475.868774 312.964935 512 ) (-1856 458.393951 512 ) (-1856 960 512 ) (-1332.430054 960 512 ) 
4 134 141 (-1024 563.903748 512 ) (-1024 551.502563 512 ) (-1025.694946 545.381409 512 ) (-1028.891113 546.267761 512 ) 
5 134 140 (-1024 960 512 ) (-1024 623.750977 512 ) (-1044.301758 550.541443 512 ) (-1155.540161 581.390015 512 ) (-1029.495972 960 512 ) 
4 134 139 (-1029.964600 529.961548 512 ) (-1127.006470 179.498657 512 ) (-1270.995850 234.585526 512 ) (-1160.600098 566.191040 512 ) 
4 134 138 (-1270.995850 234.585526 512 ) (-1379.979004 276.279846 512 ) (-1151.919434 960 512 ) (-1029.495972 960 512 ) 
3 134 137 (-1024 551.502563 512 ) (-1024 140.090881 512 ) (-1127.006470 179.498657 512 ) 
4 134 136 (-1856 1024 512 ) (-1024 1024 512 ) (-1024 960 512 ) (-1856 960 512 ) 
4 134 135 (-2048 531.849609 512 ) (-1144 186 512 ) (-1144 186 528 ) (-2048 531.847412 528 ) 
4 135 211 (-1217.041016 0 528 ) (-2009 0 528 ) (-2009 0 512 ) (-1217.041016 0 512 ) 
4 135 210 (-2009 0 528 ) (-2048 0 528 ) (-2048 0 512 ) (-2009 0 512 ) 
4 135 166 (-2048 0 512 ) (-2048 0 528 ) (-2048 531.848511 528 ) (-2048 531.848511 512 ) 
4 135 154 (-2048 0 512 ) (-2048 176 512 ) (-1952 176 512 ) (-1952 0 512 ) 
4 135 153 (-1952 192 512 ) (-1872 192 512 ) (-1872 0 512 ) (-1952 0 512 ) 
3 135 151 (-1934.576904 488.455566 512 ) (-1872 464.515167 512 ) (-1872 378.899200 512 ) 
5 135 150 (-2048 192 512 ) (-2048 531.848511 512 ) (-1934.576904 488.455566 512 ) (-1872 378.899200 512 ) (-1872 192 512 ) 
4 135 146 (-1475.868774 312.964935 512 ) (-1379.979004 276.279846 512 ) (-1472.134155 0 512 ) (-1545.248779 0 512 ) 
4 135 145 (-1856 458.393951 512 ) (-1475.868774 312.964935 512 ) (-1545.248779 0 512 ) (-1856 0 512 ) 
5 135 144 (-1148 175.813934 512 ) (-1217.041016 0 512 ) (-1472.134155 0 512 ) (-1381.450928 271.867126 512 ) (-1148 184 512 ) 
4 135 139 (-1270.995850 234.585510 512 ) (-1144 186 512 ) (-1145.199341 182.945847 512 ) (-1272.265625 230.771530 512 ) 
4 135 138 (-1379.979004 276.279846 512 ) (-1270.995850 234.585510 512 ) (-1272.265625 230.771530 512 ) (-1381.450928 271.867126 512 ) 
4 136 149 (-1856 1024 384 ) (-1856 960 384 ) (-1856 960 512 ) (-1856 1024 512 ) 
4 136 148 (-1316.039917 960 384 ) (-1151.919189 960 384 ) (-1151.919434 960 512 ) (-1316.039429 960 512 ) 
4 136 145 (-1856 960 512 ) (-1856 960 384 ) (-1332.429932 960 384 ) (-1332.430054 960 512 ) 
4 136 140 (-1029.496216 960 384 ) (-1024 960 384 ) (-1024 960 512 ) (-1029.495972 960 512 ) 
4 136 138 (-1151.919189 960 384 ) (-1029.496216 960 384 ) (-1029.495972 960 512 ) (-1151.919434 960 512 ) 
4 137 141 (-1024 551.465698 384 ) (-1025.685181 545.379639 384 ) (-1025.694458 545.381287 512 ) (-1024 551.500854 512 ) 
4 137 139 (-1029.955200 529.958923 384 ) (-1127.849731 176.416214 384 ) (-1127.858521 176.419525 512 ) (-1029.964233 529.961365 512 ) 
4 138 148 (-1151.919312 960 512 ) (-1151.918945 960 384 ) (-1267.820068 612.530090 384 ) (-1267.820313 612.530151 512 ) 
4 138 146 (-1272.889404 597.332520 384 ) (-1381.450684 271.867004 384 ) (-1381.450928 271.867126 512 ) (-1272.889526 597.332520 512 ) 
4 138 144 (-1381.454224 271.867645 512 ) (-1381.453979 271.867523 384 ) (-1272.265991 230.770935 384 ) (-1272.265747 230.770996 512 ) 
4 138 140 (-1155.539917 581.390930 384 ) (-1029.495972 960 384 ) (-1029.495605 960 512 ) (-1155.539917 581.389954 512 ) 
4 138 139 (-1272.264771 230.773483 512 ) (-1272.265015 230.773590 384 ) (-1160.600098 566.191040 384 ) (-1160.599854 566.190918 512 ) 
4 139 144 (-1272.265991 230.770935 384 ) (-1148 184 384 ) (-1148 184 512 ) (-1272.265747 230.770996 512 ) 
4 142 221 (-1024 0 384 ) (-1024 0 512 ) (-1148 0 512 ) (-1148 0 384 ) 
4 142 143 (-1148 128.380707 384 ) (-1148 0 384 ) (-1148 0 512 ) (-1148 128.380707 512 ) 
4 143 221 (-1148 0 512 ) (-1199.845825 0 512 ) (-1199.845703 0 384 ) (-1148 0 384 ) 
4 144 222 (-1215.847412 0 512 ) (-1312 0 512 ) (-1312 0 384 ) (-1215.847412 0 384 ) 
4 144 223 (-1312 0 512 ) (-1472.134155 0 512 ) (-1472.133789 0 384 ) (-1312 0 384 ) 
4 144 146 (-1381.450684 271.867004 384 ) (-1472.133789 0 384 ) (-1472.134155 0 512 ) (-1381.450928 271.867126 512 ) 
4 145 226 (-1728 0 512 ) (-1856 0 512 ) (-1856 0 384 ) (-1728 0 384 ) 
4 145 224 (-1712 0 512 ) (-1728 0 512 ) (-1728 0 384 ) (-1712 0 384 ) 
4 145 223 (-1545.248779 0 512 ) (-1712 0 512 ) (-1712 0 384 ) (-1545.248779 0 384 ) 
4 145 149 (-1856 960 384 ) (-1856 640 384 ) (-1856 640 512 ) (-1856 960 512 ) 
4 145 146 (-1545.249634 0 384 ) (-1405.240234 631.566040 384 ) (-1405.239990 631.567017 512 ) (-1545.249634 0 512 ) 
4 146 223 (-1472.134155 0 512 ) (-1545.248779 0 512 ) (-1545.248779 0 384 ) (-1472.133789 0 384 ) 
4 146 147 (-1360.862793 621.730408 384 ) (-1389.620239 628.104126 384 ) (-1389.619385 628.104980 512 ) (-1360.881592 621.735596 512 ) 
4 149 152 (-1872 1024 384 ) (-1872 640 384 ) (-1872 640 512 ) (-1872 1024 512 ) 
4 150 169 (-2048 192 512 ) (-2048 418.079468 512 ) (-2048 418.079437 384 ) (-2048 192 384 ) 
4 150 167 (-2048 418.079468 512 ) (-2048 687.030945 512 ) (-2048 687.048401 384 ) (-2048 418.079437 384 ) 
4 150 153 (-1952 192 384 ) (-1872 192 384 ) (-1872 192 512 ) (-1952 192 512 ) 
4 150 152 (-1995.198486 594.608459 384 ) (-2048 687.050537 384 ) (-2048 687.035156 512 ) (-1995.206177 594.605774 512 ) 
4 150 151 (-1872 378.901398 512 ) (-1872 378.918915 384 ) (-1987.649658 581.392334 384 ) (-1987.657349 581.389648 512 ) 
4 152 167 (-2048 687.030945 512 ) (-2048 1024 512 ) (-2048 1024 384 ) (-2048 687.048401 384 ) 
4 153 229 (-1872 0 512 ) (-1952 0 512 ) (-1952 0 384 ) (-1872 0 384 ) 
4 153 154 (-1952 176 384 ) (-1952 0 384 ) (-1952 0 512 ) (-1952 176 512 ) 
4 154 229 (-1952 0 512 ) (-2048 0 512 ) (-2048 0 384 ) (-1952 0 384 ) 
4 154 171 (-2048 0 384 ) (-2048 0 512 ) (-2048 176 512 ) (-2048 176 384 ) 
4 155 232 (-1024 0 -0.741228 ) (-1024 0 352 ) (-2048 0 352 ) (-2048 0 -0.741228 ) 
4 155 174 (-2048 0 -0.741228 ) (-2048 0 352 ) (-2048 1024 352 ) (-2048 1024 -0.741228 ) 
4 156 166 (-2048 1024 512 ) (-2048 1024 2697.739990 ) (-2700.979980 1024 2697.739990 ) (-2700.979980 1024 512 ) 
4 156 162 (-2432 1024 512 ) (-2700.979980 1024 512 ) (-2700.979980 1456 512 ) (-2432 1456 512 ) 
4 156 161 (-2288 1024 512 ) (-2394 1024 512 ) (-2394 1040 512 ) (-2288 1040 512 ) 
4 156 159 (-2048 1280 512 ) (-2048 1152 512 ) (-2064 1152 512 ) (-2064 1280 512 ) 
4 156 160 (-2064 1040 512 ) (-2416 1040 512 ) (-2416 1456 512 ) (-2064 1456 512 ) 
4 156 157 (-2048 1821.579956 512 ) (-2048 1472 512 ) (-2432 1472 512 ) (-2432 1821.579956 512 ) 
4 156 158 (-2432 1456 512 ) (-2700.979980 1456 512 ) (-2700.979980 1821.579956 512 ) (-2432 1821.579956 512 ) 
4 157 163 (-2048 1821.579956 384 ) (-2048 1664 384 ) (-2432 1664 384 ) (-2432 1821.579956 384 ) 
4 157 158 (-2432 1821.579956 512 ) (-2432 1821.579956 384 ) (-2432 1472 384 ) (-2432 1472 512 ) 
4 158 165 (-2432 1456 384 ) (-2700.979980 1456 384 ) (-2700.979980 1664 384 ) (-2432 1664 384 ) 
4 158 163 (-2700.979980 1664 384 ) (-2700.979980 1821.579956 384 ) (-2432 1821.579956 384 ) (-2432 1664 384 ) 
4 158 162 (-2700.979980 1456 384 ) (-2432 1456 384 ) (-2432 1456 512 ) (-2700.979980 1456 512 ) 
4 159 160 (-2064 1280 384 ) (-2064 1152 384 ) (-2064 1152 512 ) (-2064 1280 512 ) 
4 160 161 (-2394 1040 384 ) (-2288 1040 384 ) (-2288 1040 512 ) (-2394 1040 512 ) 
4 161 172 (-2288 1024 512 ) (-2394 1024 512 ) (-2394 1024 384 ) (-2288 1024 384 ) 
4 162 173 (-2432 1024 512 ) (-2700.979980 1024 512 ) (-2700.979980 1024 384 ) (-2432 1024 384 ) 
4 162 165 (-2432 1024 384 ) (-2700.979980 1024 384 ) (-2700.979980 1456 384 ) (-2432 1456 384 ) 
4 163 164 (-2432 1664 -0.741228 ) (-2048 1664 -0.741228 ) (-2048 1664 352 ) (-2432 1664 352 ) 
4 163 165 (-2700.979980 1664 384 ) (-2700.979980 1664 -0.741228 ) (-2432 1664 -0.741228 ) (-2432 1664 384 ) 
4 164 174 (-2048 1024 -0.741228 ) (-2048 1024 352 ) (-2432 1024 352 ) (-2432 1024 -0.741228 ) 
4 164 165 (-2432 1664 352 ) (-2432 1664 -0.741228 ) (-2432 1024 -0.741228 ) (-2432 1024 352 ) 
4 165 175 (-2432 1024 384 ) (-2700.979980 1024 384 ) (-2700.979980 1024 -0.741228 ) (-2432 1024 -0.741228 ) 
4 166 277 (-2048 0 512 ) (-2048 0 2697.739990 ) (-2700.979980 0 2697.739990 ) (-2700.979980 0 512 ) 
4 166 173 (-2700.979980 1024 512 ) (-2432 1024 512 ) (-2432 0 512 ) (-2700.979980 0 512 ) 
4 166 172 (-2416 1024 512 ) (-2176 1024 512 ) (-2176 0 512 ) (-2416 0 512 ) 
4 166 171 (-2048 176 512 ) (-2048 0 512 ) (-2160 0 512 ) (-2160 176 512 ) 
3 166 170 (-2176 509.028046 512 ) (-2176 512 512 ) (-2160.547119 517.693237 512 ) 
5 166 169 (-2048 418.079590 512 ) (-2048 192 512 ) (-2160 192 512 ) (-2160 517.894775 512 ) (-2107.600098 537.200073 512 ) 
3 166 168 (-2176 528 512 ) (-2176 673.908264 512 ) (-2114.360107 550.711060 512 ) 
4 166 167 (-2176 1024 512 ) (-2048 1024 512 ) (-2048 418.079590 512 ) (-2176 673.908264 512 ) 
4 167 172 (-2176 1024 384 ) (-2176 673.908325 384 ) (-2176 673.908264 512 ) (-2176 1024 512 ) 
4 167 169 (-2107.598145 537.200745 384 ) (-2048 418.083679 384 ) (-2048 418.083679 512 ) (-2107.598145 537.200745 512 ) 
4 167 168 (-2176 673.913147 512 ) (-2176 673.913147 384 ) (-2114.358154 550.711731 384 ) (-2114.358154 550.711731 512 ) 
4 168 172 (-2176 673.908325 384 ) (-2176 528 384 ) (-2176 528 512 ) (-2176 673.908264 512 ) 
4 170 172 (-2176 512 384 ) (-2176 509.027985 384 ) (-2176 509.028046 512 ) (-2176 512 512 ) 
4 171 279 (-2048 0 384 ) (-2048 0 512 ) (-2160 0 512 ) (-2160 0 384 ) 
4 172 282 (-2176 0 512 ) (-2304 0 512 ) (-2304 0 384 ) (-2176 0 384 ) 
4 172 284 (-2304 0 512 ) (-2416 0 512 ) (-2416 0 384 ) (-2304 0 384 ) 
4 173 294 (-2544 0 512 ) (-2700.979980 0 512 ) (-2700.979980 0 384 ) (-2544 0 384 ) 
4 173 290 (-2432 0 512 ) (-2544 0 512 ) (-2544 0 384 ) (-2432 0 384 ) 
4 173 175 (-2432 0 384 ) (-2700.979980 0 384 ) (-2700.979980 1024 384 ) (-2432 1024 384 ) 
4 174 295 (-2048 0 -0.741228 ) (-2048 0 352 ) (-2432 0 352 ) (-2432 0 -0.741228 ) 
4 174 175 (-2432 1024 -0.741228 ) (-2432 0 -0.741228 ) (-2432 0 352 ) (-2432 1024 352 ) 
4 175 299 (-2544 0 384 ) (-2700.979980 0 384 ) (-2700.979980 0 -0.741228 ) (-2544 0 -0.741228 ) 
4 175 296 (-2432 0 384 ) (-2544 0 384 ) (-2544 0 -0.741228 ) (-2432 0 -0.741228 ) 
4 176 233 (0 -1024 560 ) (0 -1024 2697.739990 ) (-1024 -1024 2697.739990 ) (-1024 -1024 560 ) 
4 176 205 (-1024 -1024 560 ) (-1024 -1024 2697.739990 ) (-1024 0 2697.739990 ) (-1024 0 560 ) 
3 176 185 (-260 -605.837891 560 ) (-260 -612 560 ) (-262.107483 -611.192017 560 ) 
5 176 184 (-1024 -319.083038 560 ) (-1024 -240 560 ) (-260 -240 560 ) (-260 -565.189209 560 ) (-276.009491 -605.861938 560 ) 
4 176 183 (-120 -250.162186 560 ) (-120 -681.675903 560 ) (-260 -628 560 ) (-260 -605.837830 560 ) 
4 176 182 (-260 -240 560 ) (-140.480042 -240 560 ) (-133.130096 -242.871063 560 ) (-260 -565.189209 560 ) 
4 176 181 (-1024 -240 560 ) (-1024 0 560 ) (-754.880005 0 560 ) (-140.480011 -240 560 ) 
6 176 180 (-99.520004 -240 560 ) (0 -278.875000 560 ) (0 -727.683838 560 ) (-120 -681.675903 560 ) (-120 -250.162170 560 ) (-116 -240 560 ) 
3 176 179 (-120 -232 560 ) (-99.520004 -240 560 ) (-120 -240 560 ) 
4 176 178 (0 -1024 560 ) (-1024 -1024 560 ) (-1024 -335.083069 560 ) (0 -727.683838 560 ) 
3 176 177 (-713.919983 0 560 ) (0 0 560 ) (0 -278.875000 560 ) 
4 177 188 (-88 -218 528 ) (0 -251.666718 528 ) (0 -278.875000 528 ) (-97.394310 -240.830353 528 ) 
3 177 187 (-657.821838 0 528 ) (0 0 528 ) (0 -251.666718 528 ) 
4 177 180 (-99.520081 -240 528 ) (0 -278.875031 528 ) (0 -278.875000 560 ) (-99.519997 -240 560 ) 
4 177 179 (-120 -232 528 ) (-99.520081 -240 528 ) (-99.519997 -240 560 ) (-120 -232 560 ) 
4 178 233 (0 -1024 528 ) (0 -1024 560 ) (-1024 -1024 560 ) (-1024 -1024 528 ) 
4 178 208 (-1024 -1024 528 ) (-1024 -1024 560 ) (-1024 -335.083069 560 ) (-1024 -335.083038 528 ) 
4 178 188 (-257.156677 -629.090210 528 ) (0 -727.683838 528 ) (0 -730.545471 528 ) (-260 -636 528 ) 
4 178 186 (-1024 -1024 528 ) (-1024 -358.181824 528 ) (0 -730.545471 528 ) (0 -1024 528 ) 
4 178 183 (-120 -681.675415 528 ) (-260 -628 528 ) (-260 -628 560 ) (-120 -681.675232 560 ) 
4 178 180 (0 -727.683350 528 ) (-120 -681.675415 528 ) (-120 -681.675232 560 ) (0 -727.683167 560 ) 
4 179 180 (-116 -240 528 ) (-99.521729 -240 528 ) (-99.521729 -240 560 ) (-116 -240 560 ) 
5 180 188 (-97.394302 -240.830353 528 ) (0 -278.875000 528 ) (0 -727.683838 528 ) (-120 -681.675903 528 ) (-120 -295.767456 528 ) 
4 180 183 (-120 -250.162170 528 ) (-120 -681.679688 528 ) (-120 -681.679688 560 ) (-120 -250.162170 560 ) 
4 181 207 (-1024 -240 560 ) (-1024 0 560 ) (-1024 0 528 ) (-1024 -240 528 ) 
4 181 184 (-1024 -240 528 ) (-260 -240 528 ) (-260 -240 560 ) (-1024 -240 560 ) 
4 181 182 (-260 -240 528 ) (-140.480042 -240 528 ) (-140.480011 -240 560 ) (-260 -240 560 ) 
4 182 184 (-260 -240 560 ) (-260 -240 528 ) (-260 -565.189209 528 ) (-260 -565.189209 560 ) 
3 183 188 (-120 -295.767456 528 ) (-120 -681.675903 528 ) (-257.156708 -629.090088 528 ) 
4 183 185 (-260 -605.837830 528 ) (-260 -612 528 ) (-260 -612 560 ) (-260 -605.837830 560 ) 
4 184 207 (-1024 -319.083038 560 ) (-1024 -240 560 ) (-1024 -240 528 ) (-1024 -319.083008 528 ) 
4 186 233 (0 -1024 512 ) (0 -1024 528 ) (-1024 -1024 528 ) (-1024 -1024 512 ) 
4 186 210 (-1024 -1024 512 ) (-1024 -1024 528 ) (-1024 -358.181824 528 ) (-1024 -358.181824 512 ) 
4 186 202 (-448 -567.636353 512 ) (-320 -614.181824 512 ) (-320 -622.184998 512 ) (-448 -574.678345 512 ) 
4 186 200 (-272 -1024 512 ) (-1024 -1024 512 ) (-1024 -360.898254 512 ) (-272 -640 512 ) 
4 186 196 (-272 -896 512 ) (-272 -768 512 ) (-256 -768 512 ) (-256 -896 512 ) 
5 186 195 (-256 -1008 512 ) (-256 -640 512 ) (-249 -640 512 ) (0 -730.545471 512 ) (0 -1008 512 ) 
4 186 188 (0 -730.545410 512 ) (-260 -636 512 ) (-260 -636 528 ) (0 -730.545471 528 ) 
4 187 199 (-296.382629 0 512 ) (-272 0 512 ) (-272 -145.712234 512 ) (-334.865204 -122.050781 512 ) 
4 187 198 (-566.136475 0 512 ) (-313.158661 0 512 ) (-349.861481 -116.406433 512 ) (-576.002380 -31.290649 512 ) 
3 187 197 (-657.821838 0 512 ) (-582.912415 0 512 ) (-590.975769 -25.573681 512 ) 
4 187 192 (-20 0 512 ) (0 0 512 ) (0 -251.666687 512 ) (-105.356216 -211.359955 512 ) 
4 187 191 (-272 0 512 ) (-50.002289 0 512 ) (-204.133911 -171.255920 512 ) (-272 -145.712234 512 ) 
4 187 190 (-50.002289 0 512 ) (-20 0 512 ) (-105.356216 -211.359955 512 ) (-205.683167 -172.977295 512 ) 
4 187 188 (-88 -218 512 ) (0 -251.665863 512 ) (0 -251.667969 528 ) (-88 -218.001099 528 ) 
3 188 195 (0 -640 512 ) (0 -730.545471 512 ) (-249 -640 512 ) 
3 188 194 (-157.259064 -386.315552 512 ) (-114.605896 -282.658386 512 ) (-4.705894 -396.485840 512 ) 
4 188 193 (0 -428.799774 512 ) (0 -624 512 ) (-255.062210 -624 512 ) (-170.075043 -417.461365 512 ) 
5 188 192 (-88 -218 512 ) (0 -251.666687 512 ) (0 -396.799561 512 ) (-4.705889 -396.485840 512 ) (-114.605896 -282.658386 512 ) 
4 189 201 (-272 -161.711609 384 ) (-272 -624 384 ) (-272 -624 512 ) (-272 -161.711578 512 ) 
4 189 192 (-128.384827 -268.385040 384 ) (-109.938599 -222.708740 384 ) (-109.937637 -222.709167 512 ) (-128.384659 -268.387207 512 ) 
4 189 190 (-109.940033 -222.707550 512 ) (-109.940376 -222.707428 384 ) (-214.884308 -183.208221 384 ) (-214.889389 -183.206314 512 ) 
4 190 192 (-109.938599 -222.708740 384 ) (-19.998383 0 384 ) (-19.996822 0 512 ) (-109.937637 -222.709167 512 ) 
4 190 191 (-49.994484 0 384 ) (-204.128418 -171.257965 384 ) (-204.133514 -171.256073 512 ) (-50.001282 0 512 ) 
4 191 199 (-272 0 384 ) (-272 -145.712219 384 ) (-272 -145.712234 512 ) (-272 0 512 ) 
4 192 194 (-117.102798 -280.068054 384 ) (-4.701202 -396.486145 384 ) (-4.703284 -396.486023 512 ) (-117.103363 -280.069458 512 ) 
4 195 196 (-256 -768 384 ) (-256 -896 384 ) (-256 -896 512 ) (-256 -768 512 ) 
4 196 200 (-272 -768 384 ) (-272 -896 384 ) (-272 -896 512 ) (-272 -768 512 ) 
4 200 236 (-272 -1024 512 ) (-1024 -1024 512 ) (-1024 -1024 384 ) (-272 -1024 384 ) 
4 200 220 (-1024 -874.666626 512 ) (-1024 -694.857178 512 ) (-1024 -694.857178 384 ) (-1024 -874.666626 384 ) 
4 200 218 (-1024 -694.857178 512 ) (-1024 -360.898254 512 ) (-1024 -360.898254 384 ) (-1024 -694.857178 384 ) 
4 200 215 (-1024 -1024 384 ) (-1024 -1024 512 ) (-1024 -1008 512 ) (-1024 -1008 384 ) 
4 200 212 (-1024 -1008 512 ) (-1024 -874.666626 512 ) (-1024 -874.666626 384 ) (-1024 -1008 384 ) 
4 200 202 (-320 -622.184998 384 ) (-448 -574.678345 384 ) (-448 -574.678345 512 ) (-320 -622.184998 512 ) 
4 201 202 (-320 -143.646469 512 ) (-320 -143.646469 384 ) (-320 -606.186951 384 ) (-320 -606.186951 512 ) 
4 202 203 (-448 -95.468178 384 ) (-448 -558.679016 384 ) (-448 -558.679016 512 ) (-448 -95.468170 512 ) 
4 203 221 (-1024 -344.893005 512 ) (-1024 0 512 ) (-1024 0 384 ) (-1024 -344.892975 384 ) 
4 204 251 (0 -1024 -0.741228 ) (0 -1024 352 ) (-1024 -1024 352 ) (-1024 -1024 -0.741228 ) 
4 204 232 (-1024 -1024 -0.741228 ) (-1024 -1024 352 ) (-1024 0 352 ) (-1024 0 -0.741228 ) 
4 205 277 (-2048 -1024 560 ) (-2048 -1024 2697.739990 ) (-2048 0 2697.739990 ) (-2048 0 560 ) 
4 205 252 (-1024 -1024 560 ) (-1024 -1024 2697.739990 ) (-2048 -1024 2697.739990 ) (-2048 -1024 560 ) 
4 205 208 (-1024 -335.083038 560 ) (-1024 -1024 560 ) (-1272 -1024 560 ) (-1272 -240 560 ) 
5 205 209 (-2048 0 560 ) (-1856.247437 0 560 ) (-1272 -224 560 ) (-1272 -1024 560 ) (-2048 -1024 560 ) 
4 205 207 (-1177.584106 0 560 ) (-1024 0 560 ) (-1024 -319.083008 560 ) (-1253.135498 -231.232666 560 ) 
3 205 206 (-1856.247437 0 560 ) (-1193.584106 0 560 ) (-1267.354248 -225.781189 560 ) 
3 206 211 (-1856.247437 0 528 ) (-1217.041016 0 528 ) (-1300.685669 -213.001953 528 ) 
4 206 209 (-1856.248047 0 528 ) (-1272 -224 528 ) (-1272 -224 560 ) (-1856.250000 0 560 ) 
4 208 252 (-1024 -1024 528 ) (-1024 -1024 560 ) (-1272 -1024 560 ) (-1272 -1024 528 ) 
4 208 210 (-1024 -1024 528 ) (-1272 -1024 528 ) (-1272 -268 528 ) (-1024 -358.181824 528 ) 
4 208 209 (-1272 -240 528 ) (-1272 -1024 528 ) (-1272 -1024 560 ) (-1272 -240 560 ) 
4 209 277 (-2048 -1024 528 ) (-2048 -1024 560 ) (-2048 0 560 ) (-2048 0 528 ) 
4 209 252 (-1272 -1024 560 ) (-2048 -1024 560 ) (-2048 -1024 528 ) (-1272 -1024 528 ) 
4 209 211 (-2009 0 528 ) (-1856.247437 0 528 ) (-1300.685547 -213.001953 528 ) (-1316 -252 528 ) 
5 209 210 (-1272 -1024 528 ) (-2048 -1024 528 ) (-2048 0 528 ) (-2009 0 528 ) (-1272 -268 528 ) 
4 210 277 (-2048 -1024 512 ) (-2048 -1024 528 ) (-2048 0 528 ) (-2048 0 512 ) 
4 210 252 (-1024 -1024 512 ) (-1024 -1024 528 ) (-2048 -1024 528 ) (-2048 -1024 512 ) 
4 210 231 (-1872 -416 512 ) (-1872 -566 512 ) (-2048 -640.555603 512 ) (-2048 -416 512 ) 
4 210 230 (-1872 -582 512 ) (-1872 -1024 512 ) (-2048 -1024 512 ) (-2048 -656.555603 512 ) 
5 210 229 (-2048 0 512 ) (-2009 0 512 ) (-1872 -49.818146 512 ) (-1872 -400 512 ) (-2048 -400 512 ) 
4 210 228 (-1856 -571.594604 512 ) (-1856 -1024 512 ) (-1872 -1024 512 ) (-1872 -581.991577 512 ) 
4 210 227 (-1872 -49.818146 512 ) (-1856 -55.636330 512 ) (-1856 -128 512 ) (-1872 -128 512 ) 
5 210 226 (-1856 -55.636330 512 ) (-1728 -102.181786 512 ) (-1728 -1008 512 ) (-1734.857178 -1024 512 ) (-1856 -1024 512 ) 
3 210 225 (-1712 -1008 512 ) (-1712 -1024 512 ) (-1718.857178 -1024 512 ) 
4 210 224 (-1728 -102.181786 512 ) (-1712 -108 512 ) (-1712 -904 512 ) (-1728 -904 512 ) 
3 210 223 (-1385.733398 -226.642395 512 ) (-1312 -253.454544 512 ) (-1312 -254.008240 512 ) 
4 210 220 (-1024 -694.857178 512 ) (-1024 -874.666626 512 ) (-1280 -832 512 ) (-1152 -640 512 ) 
4 210 219 (-1664 -768 512 ) (-1712 -760 512 ) (-1712 -400 512 ) (-1600 -448 512 ) 
5 210 218 (-1712 -108 512 ) (-1385.733398 -226.642395 512 ) (-1024 -360.898254 512 ) (-1024 -694.857178 512 ) (-1712 -400 512 ) 
3 210 217 (-1360 -1024 512 ) (-1361.333252 -1024 512 ) (-1361.137207 -1023.663940 512 ) 
5 210 216 (-1377.333374 -1024 512 ) (-1712 -1024 512 ) (-1712 -1008 512 ) (-1414.153809 -1008 512 ) (-1374.785156 -1019.631653 512 ) 
5 210 215 (-1024 -1008 512 ) (-1024 -1024 512 ) (-1360 -1024 512 ) (-1360 -1021.714355 512 ) (-1352 -1008 512 ) 
4 210 214 (-1360 -1008 512 ) (-1712 -904 512 ) (-1712 -760 512 ) (-1360 -818.666626 512 ) 
3 210 213 (-1414.153687 -1008 512 ) (-1712 -1008 512 ) (-1712 -920 512 ) 
4 210 212 (-1024 -874.666626 512 ) (-1024 -1008 512 ) (-1360 -1008 512 ) (-1360 -818.666626 512 ) 
4 210 211 (-1316 -252.001556 512 ) (-2009.004883 0 512 ) (-2009 0 528 ) (-1316 -252 528 ) 
3 211 229 (-2009 0 512 ) (-1872 0 512 ) (-1872 -49.818150 512 ) 
4 211 227 (-1872 0 512 ) (-1856 0 512 ) (-1856 -55.636333 512 ) (-1872 -49.818150 512 ) 
4 211 226 (-1856 0 512 ) (-1728 0 512 ) (-1728 -102.181801 512 ) (-1856 -55.636333 512 ) 
4 211 224 (-1728 0 512 ) (-1712 0 512 ) (-1712 -108 512 ) (-1728 -102.181801 512 ) 
4 211 222 (-1312 0 512 ) (-1217.041016 0 512 ) (-1259.040161 -106.951187 512 ) (-1312 -238.087341 512 ) 
6 211 223 (-1712 0 512 ) (-1312 0 512 ) (-1312 -241.813965 512 ) (-1316 -252 512 ) (-1385.729370 -226.643860 512 ) (-1712 -105.549881 512 ) 
3 211 218 (-1385.729370 -226.643860 512 ) (-1712 -108 512 ) (-1712 -105.549881 512 ) 
4 212 220 (-1024 -874.666992 384 ) (-1280 -832 384 ) (-1280 -832 512 ) (-1024 -874.666626 512 ) 
4 212 215 (-1352 -1008 384 ) (-1024 -1008 384 ) (-1024 -1008 512 ) (-1352 -1008 512 ) 
4 212 214 (-1360 -818.669250 512 ) (-1360 -818.669250 384 ) (-1360 -1008 384 ) (-1360 -1008 512 ) 
4 213 216 (-1712 -1008 512 ) (-1712 -1008 384 ) (-1414.153687 -1008 384 ) (-1414.153687 -1008 512 ) 
4 214 224 (-1712 -760 384 ) (-1712 -904 384 ) (-1712 -904 512 ) (-1712 -760 512 ) 
4 214 219 (-1664 -768 384 ) (-1712 -760 384 ) (-1712 -760 512 ) (-1664 -768 512 ) 
4 215 255 (-1024 -1024 384 ) (-1024 -1024 512 ) (-1360 -1024 512 ) (-1360 -1024 384 ) 
4 216 254 (-1377.333374 -1024 512 ) (-1712 -1024 512 ) (-1712 -1024 384 ) (-1377.333374 -1024 384 ) 
4 216 225 (-1712 -1008 384 ) (-1712 -1024 384 ) (-1712 -1024 512 ) (-1712 -1008 512 ) 
4 217 255 (-1360 -1024 512 ) (-1361.333252 -1024 512 ) (-1361.333252 -1024 384 ) (-1360 -1024 384 ) 
4 218 224 (-1712 -105.549850 384 ) (-1712 -400 384 ) (-1712 -400 512 ) (-1712 -105.549866 512 ) 
4 218 223 (-1312 -254.009094 384 ) (-1712 -105.550720 384 ) (-1712 -105.550720 512 ) (-1312 -254.009048 512 ) 
4 218 220 (-1152 -640 384 ) (-1024 -694.857422 384 ) (-1024 -694.857422 512 ) (-1152 -640 512 ) 
4 218 219 (-1712 -400 512 ) (-1712 -400 384 ) (-1600 -448 384 ) (-1600 -448 512 ) 
4 219 224 (-1712 -400 384 ) (-1712 -760 384 ) (-1712 -760 512 ) (-1712 -400 512 ) 
4 222 223 (-1312 0 384 ) (-1312 -238.087173 384 ) (-1312 -238.087173 512 ) (-1312 0 512 ) 
4 223 224 (-1712 0 384 ) (-1712 -105.549850 384 ) (-1712 -105.549866 512 ) (-1712 0 512 ) 
4 224 226 (-1728 0 384 ) (-1728 -904 384 ) (-1728 -904 512 ) (-1728 0 512 ) 
4 225 254 (-1712 -1024 512 ) (-1718.857178 -1024 512 ) (-1718.857178 -1024 384 ) (-1712 -1024 384 ) 
4 226 253 (-1734.857178 -1024 512 ) (-1856 -1024 512 ) (-1856 -1024 384 ) (-1734.857178 -1024 384 ) 
4 226 228 (-1856 -571.594604 384 ) (-1856 -1024 384 ) (-1856 -1024 512 ) (-1856 -571.594604 512 ) 
4 226 227 (-1856 0 384 ) (-1856 -128 384 ) (-1856 -128 512 ) (-1856 0 512 ) 
4 227 229 (-1872 0 384 ) (-1872 -128 384 ) (-1872 -128 512 ) (-1872 0 512 ) 
4 228 253 (-1856 -1024 512 ) (-1872 -1024 512 ) (-1872 -1024 384 ) (-1856 -1024 384 ) 
4 228 230 (-1872 -581.991577 384 ) (-1872 -1024 384 ) (-1872 -1024 512 ) (-1872 -581.991577 512 ) 
4 229 279 (-2048 -400 512 ) (-2048 0 512 ) (-2048 0 384 ) (-2048 -400 384 ) 
4 230 278 (-2048 -1024 384 ) (-2048 -1024 512 ) (-2048 -656.555603 512 ) (-2048 -656.555603 384 ) 
4 230 253 (-1872 -1024 512 ) (-2048 -1024 512 ) (-2048 -1024 384 ) (-1872 -1024 384 ) 
4 231 279 (-2048 -640.555603 512 ) (-2048 -416 512 ) (-2048 -416 384 ) (-2048 -640.555603 384 ) 
4 232 295 (-2048 -1024 -0.741228 ) (-2048 -1024 352 ) (-2048 0 352 ) (-2048 0 -0.741228 ) 
4 232 276 (-1024 -1024 -0.741228 ) (-1024 -1024 352 ) (-2048 -1024 352 ) (-2048 -1024 -0.741228 ) 
4 233 305 (0 -2048 512 ) (0 -2048 2697.739990 ) (-1024 -2048 2697.739990 ) (-1024 -2048 512 ) 
4 233 252 (-1024 -1024 2697.739990 ) (-1024 -1024 512 ) (-1024 -2048 512 ) (-1024 -2048 2697.739990 ) 
3 233 250 (-1024 -1911.771484 512 ) (-1024 -1906.427124 512 ) (-985 -1914 512 ) 
3 233 249 (-1024 -1928.228516 512 ) (-1024 -1911.771484 512 ) (-880 -1920 512 ) 
3 233 248 (-1024 -1962.349487 512 ) (-1024 -1928.228516 512 ) (-775 -1914 512 ) 
3 233 247 (-405 -1760 512 ) (-443.502289 -1795.712402 512 ) (-485 -1816 512 ) 
3 233 246 (-336 -1696 512 ) (-391.052185 -1770.070068 512 ) (-443.502289 -1795.712402 512 ) 
3 233 245 (-391.052185 -1770.070068 512 ) (-416.635010 -1804.490601 512 ) (-574.998779 -1860 512 ) 
3 233 244 (-216 -1462 512 ) (-219.778427 -1502.618042 512 ) (-241 -1544 512 ) 
14 233 243 (-1024 -1873.800049 512 ) (-1024 -1376 512 ) (-224 -1376 512 ) (-232 -1456 512 ) (-256 -1534 512 ) (-295 -1608 512 ) (-349 -1676 512 ) (-416 -1738 512 ) (-494 -1790 512 ) (-582 -1832 512 ) (-677 -1862 512 ) (-777 -1882 512 ) (-880 -1888 512 ) (-983 -1882 512 ) 
3 233 242 (-208 -1376 512 ) (-208 -1479.650146 512 ) (-219.778427 -1502.618042 512 ) 
3 233 241 (-208 -1479.650146 512 ) (-208 -1523.781738 512 ) (-281 -1622 512 ) 
3 233 240 (-416.635010 -1804.490601 512 ) (-451.312866 -1851.148071 512 ) (-672 -1894 512 ) 
4 233 239 (-1024 -2048 512 ) (-1024 -1962.349487 512 ) (-451.312866 -1851.148071 512 ) (-597.621704 -2048 512 ) 
3 233 238 (-208 -1523.781738 512 ) (-208 -2048 512 ) (-597.621704 -2048 512 ) 
4 233 237 (0 -1392 512 ) (0 -2048 512 ) (-208 -2048 512 ) (-208 -1392 512 ) 
4 233 235 (-256 -1072 512 ) (-256 -1376 512 ) (-272 -1376 512 ) (-272 -1072 512 ) 
4 233 234 (-256 -1024 512 ) (0 -1024 512 ) (0 -1376 512 ) (-256 -1376 512 ) 
4 233 236 (-1024 -1376 512 ) (-1024 -1024 512 ) (-272 -1024 512 ) (-272 -1376 512 ) 
4 234 243 (-256 -1376 384 ) (-224 -1376 384 ) (-224 -1376 512 ) (-256 -1376 512 ) 
4 234 235 (-256 -1072 384 ) (-256 -1376 384 ) (-256 -1376 512 ) (-256 -1072 512 ) 
4 235 243 (-272 -1376 384 ) (-256 -1376 384 ) (-256 -1376 512 ) (-272 -1376 512 ) 
4 235 236 (-272 -1072 384 ) (-272 -1376 384 ) (-272 -1376 512 ) (-272 -1072 512 ) 
4 236 259 (-1024 -1216 384 ) (-1024 -1376 384 ) (-1024 -1376 512 ) (-1024 -1216 512 ) 
4 236 255 (-1024 -1024 512 ) (-1024 -1024 384 ) (-1024 -1104 384 ) (-1024 -1104 512 ) 
4 236 256 (-1024 -1104 384 ) (-1024 -1176 384 ) (-1024 -1176 512 ) (-1024 -1104 512 ) 
4 236 257 (-1024 -1176 384 ) (-1024 -1216 384 ) (-1024 -1216 512 ) (-1024 -1176 512 ) 
4 236 243 (-1024 -1376 384 ) (-272 -1376 384 ) (-272 -1376 512 ) (-1024 -1376 512 ) 
4 237 305 (0 -2048 384 ) (0 -2048 512 ) (-208 -2048 512 ) (-208 -2048 384 ) 
4 237 242 (-208 -1392 384 ) (-208 -1479.650146 384 ) (-208 -1479.650146 512 ) (-208 -1392 512 ) 
4 237 241 (-208 -1479.650146 384 ) (-208 -1523.781738 384 ) (-208 -1523.781738 512 ) (-208 -1479.650146 512 ) 
4 237 238 (-208 -1523.781738 384 ) (-208 -2048 384 ) (-208 -2048 512 ) (-208 -1523.781738 512 ) 
4 238 305 (-208 -2048 512 ) (-597.621704 -2048 512 ) (-597.621704 -2048 384 ) (-208 -2048 384 ) 
4 238 246 (-336.001617 -1696.001587 384 ) (-391.052612 -1770.070190 384 ) (-391.054810 -1770.071289 512 ) (-336.004730 -1696.004395 512 ) 
4 238 245 (-391.052612 -1770.070190 384 ) (-416.635437 -1804.490723 384 ) (-416.637634 -1804.491577 512 ) (-391.054810 -1770.071289 512 ) 
4 238 241 (-208 -1523.781250 512 ) (-208 -1523.781250 384 ) (-280.998962 -1621.998047 384 ) (-280.997742 -1621.995605 512 ) 
4 238 240 (-416.635437 -1804.490723 384 ) (-451.313232 -1851.148193 384 ) (-451.315430 -1851.148560 512 ) (-416.637634 -1804.491577 512 ) 
4 238 239 (-451.313232 -1851.148193 384 ) (-597.622070 -2048 384 ) (-597.625000 -2048 512 ) (-451.315430 -1851.148560 512 ) 
4 239 305 (-597.621704 -2048 512 ) (-1024 -2048 512 ) (-1024 -2048 384 ) (-597.621704 -2048 384 ) 
4 239 264 (-1024 -1962.349609 384 ) (-1024 -2048 384 ) (-1024 -2048 512 ) (-1024 -1962.349487 512 ) 
4 239 248 (-774.997131 -1914 384 ) (-1024 -1962.349854 384 ) (-1024 -1962.349609 512 ) (-774.997803 -1914 512 ) 
4 239 240 (-451.312531 -1851.148438 512 ) (-451.312531 -1851.148438 384 ) (-672.002258 -1894 384 ) (-672.001892 -1894 512 ) 
4 240 245 (-416.633484 -1804.489014 512 ) (-416.633484 -1804.489014 384 ) (-574.991760 -1859.996094 384 ) (-574.991760 -1859.996094 512 ) 
4 241 244 (-219.778229 -1502.615967 384 ) (-241 -1543.996826 384 ) (-241 -1543.996826 512 ) (-219.778229 -1502.615967 512 ) 
4 241 242 (-208 -1479.648315 512 ) (-208 -1479.648315 384 ) (-219.778229 -1502.615967 384 ) (-219.778229 -1502.615967 512 ) 
4 242 244 (-216 -1462 384 ) (-219.778183 -1502.615356 384 ) (-219.778183 -1502.615356 512 ) (-216 -1462 512 ) 
4 243 266 (-1024 -1376 384 ) (-1024 -1873.800049 384 ) (-1024 -1873.800049 512 ) (-1024 -1376 512 ) 
4 245 247 (-443.502838 -1795.712769 384 ) (-485 -1816 384 ) (-485 -1816 512 ) (-443.502838 -1795.712769 512 ) 
4 245 246 (-391.051239 -1770.069946 512 ) (-391.051239 -1770.069946 384 ) (-443.502838 -1795.712769 384 ) (-443.502838 -1795.712769 512 ) 
4 246 247 (-404.995911 -1759.997070 384 ) (-443.501953 -1795.712891 384 ) (-443.501953 -1795.712891 512 ) (-404.995911 -1759.997070 512 ) 
4 248 264 (-1024 -1928.228516 384 ) (-1024 -1962.349609 384 ) (-1024 -1962.349487 512 ) (-1024 -1928.228516 512 ) 
4 248 249 (-880 -1920 384 ) (-1024 -1928.228760 384 ) (-1024 -1928.228760 512 ) (-880 -1920 512 ) 
4 249 264 (-1024 -1911.771484 384 ) (-1024 -1928.228516 384 ) (-1024 -1928.228516 512 ) (-1024 -1911.771484 512 ) 
4 249 250 (-985 -1914 384 ) (-1024 -1911.771606 384 ) (-1024 -1911.771606 512 ) (-985 -1914 512 ) 
4 250 264 (-1024 -1906.427124 384 ) (-1024 -1911.771484 384 ) (-1024 -1911.771484 512 ) (-1024 -1906.427124 512 ) 
4 251 306 (0 -2048 -0.741228 ) (0 -2048 352 ) (-1024 -2048 352 ) (-1024 -2048 -0.741228 ) 
4 251 276 (-1024 -1024 352 ) (-1024 -1024 -0.741228 ) (-1024 -2048 -0.741228 ) (-1024 -2048 352 ) 
4 252 308 (-1024 -2048 512 ) (-1024 -2048 2697.739990 ) (-2048 -2048 2697.739990 ) (-2048 -2048 512 ) 
4 252 300 (-2048 -2048 512 ) (-2048 -2048 2697.739990 ) (-2048 -1024 2697.739990 ) (-2048 -1024 512 ) 
3 252 275 (-1424 -1696 512 ) (-1456.519287 -1665.837036 512 ) (-1479 -1622 512 ) 
3 252 274 (-1355 -1760 512 ) (-1438.039795 -1701.871948 512 ) (-1456.519287 -1665.837036 512 ) 
4 252 273 (-1330.893677 -1776.874268 512 ) (-1265.207031 -1859.590942 512 ) (-1367.327026 -1839.761719 512 ) (-1438.039795 -1701.871948 512 ) 
4 252 272 (-1432.698608 -1827.068237 512 ) (-1505.384277 -1588.659424 512 ) (-1487.710571 -1605.014160 512 ) (-1367.327026 -1839.761719 512 ) 
3 252 271 (-1505.384277 -1588.659424 512 ) (-1519 -1544 512 ) (-1487.710571 -1605.014160 512 ) 
3 252 270 (-1185 -1860 512 ) (-1239.365967 -1840.943848 512 ) (-1275 -1816 512 ) 
4 252 269 (-1239.365967 -1840.943848 512 ) (-1295.693970 -1821.199951 512 ) (-1323.640137 -1786.008423 512 ) (-1313.082031 -1789.342529 512 ) 
3 252 268 (-1087.998901 -1894 512 ) (-1265.207031 -1859.590942 512 ) (-1295.693970 -1821.199951 512 ) 
3 252 267 (-1323.640137 -1786.008423 512 ) (-1330.893555 -1776.874512 512 ) (-1313.082031 -1789.342529 512 ) 
11 252 266 (-1536 -1376 512 ) (-1024 -1376 512 ) (-1024 -1873.800049 512 ) (-1083 -1862 512 ) (-1178 -1832 512 ) (-1266 -1790 512 ) (-1344 -1738 512 ) (-1410.998657 -1676.001343 512 ) (-1465 -1608 512 ) (-1504 -1534 512 ) (-1528 -1456 512 ) 
3 252 265 (-1544 -1462 512 ) (-1570.219360 -1376 512 ) (-1552 -1376 512 ) 
4 252 264 (-1024 -2048 512 ) (-1365.341431 -2048 512 ) (-1432.698608 -1827.068237 512 ) (-1024 -1906.427246 512 ) 
4 252 263 (-1365.341431 -2048 512 ) (-2048 -2048 512 ) (-2048 -1376 512 ) (-1570.219360 -1376 512 ) 
3 252 262 (-1549.943115 -1371.298462 512 ) (-1882.031860 -1248 512 ) (-1496 -1248 512 ) 
4 252 261 (-1968.219849 -1216 512 ) (-1466 -1216 512 ) (-1480 -1248 512 ) (-1882.031860 -1248 512 ) 
4 252 260 (-2048 -1376 512 ) (-2048 -1216 512 ) (-1984 -1216 512 ) (-1553.059937 -1376 512 ) 
4 252 259 (-1466 -1216 512 ) (-1024 -1216 512 ) (-1024 -1376 512 ) (-1536 -1376 512 ) 
3 252 258 (-2048 -1216 512 ) (-2048 -1167.559326 512 ) (-1984.520020 -1216 512 ) 
4 252 255 (-1361.333374 -1024 512 ) (-1024 -1024 512 ) (-1024 -1104 512 ) (-1408 -1104 512 ) 
4 252 256 (-1024 -1104 512 ) (-1024 -1176 512 ) (-1466 -1176 512 ) (-1424 -1104 512 ) 
4 252 254 (-1718.857178 -1024 512 ) (-1377.333496 -1024 512 ) (-1466 -1176 512 ) (-1784 -1176 512 ) 
5 252 253 (-2048 -1154.953369 512 ) (-2048 -1024 512 ) (-1734.857178 -1024 512 ) (-1800 -1176 512 ) (-2020.419067 -1176 512 ) 
4 252 257 (-1024 -1176 512 ) (-1024 -1216 512 ) (-1968 -1216 512 ) (-2020.419067 -1176 512 ) 
4 253 302 (-2048 -1154.953369 512 ) (-2048 -1024 512 ) (-2048 -1024 384 ) (-2048 -1154.953369 384 ) 
4 253 257 (-2020.416016 -1176 512 ) (-2020.416016 -1176 384 ) (-1800 -1176 384 ) (-1800 -1176 512 ) 
4 254 256 (-1466 -1176 512 ) (-1466 -1176 384 ) (-1424 -1104 384 ) (-1424 -1104 512 ) 
4 254 257 (-1784 -1176 384 ) (-1466 -1176 384 ) (-1466 -1176 512 ) (-1784 -1176 512 ) 
4 255 256 (-1408 -1104 384 ) (-1024 -1104 384 ) (-1024 -1104 512 ) (-1408 -1104 512 ) 
4 256 257 (-1466 -1176 384 ) (-1024 -1176 384 ) (-1024 -1176 512 ) (-1466 -1176 512 ) 
4 257 261 (-1968 -1216 384 ) (-1466 -1216 384 ) (-1466 -1216 512 ) (-1968 -1216 512 ) 
4 257 259 (-1466 -1216 384 ) (-1024 -1216 384 ) (-1024 -1216 512 ) (-1466 -1216 512 ) 
4 258 301 (-2048 -1216 512 ) (-2048 -1167.559326 512 ) (-2048 -1167.559326 384 ) (-2048 -1216 384 ) 
4 258 260 (-2048 -1216 384 ) (-1984.520142 -1216 384 ) (-1984.520020 -1216 512 ) (-2048 -1216 512 ) 
4 259 266 (-1536 -1376 384 ) (-1024 -1376 384 ) (-1024 -1376 512 ) (-1536 -1376 512 ) 
4 259 261 (-1466 -1216 512 ) (-1466 -1216 384 ) (-1480 -1248 384 ) (-1480 -1248 512 ) 
4 260 301 (-2048 -1376 512 ) (-2048 -1216 512 ) (-2048 -1216 384 ) (-2048 -1376 384 ) 
4 260 265 (-1570.219360 -1376 384 ) (-1553.059937 -1376 384 ) (-1553.059937 -1376 512 ) (-1570.219360 -1376 512 ) 
4 260 263 (-2048 -1376 384 ) (-1570.219360 -1376 384 ) (-1570.219360 -1376 512 ) (-2048 -1376 512 ) 
4 261 262 (-1882.031860 -1248 384 ) (-1496 -1248 384 ) (-1496 -1248 512 ) (-1882.031982 -1248 512 ) 
4 263 308 (-1365.341431 -2048 512 ) (-2048 -2048 512 ) (-2048 -2048 384 ) (-1365.341431 -2048 384 ) 
4 263 301 (-2048 -2048 384 ) (-2048 -2048 512 ) (-2048 -1376 512 ) (-2048 -1376 384 ) 
4 263 272 (-1432.698730 -1827.068237 384 ) (-1505.383789 -1588.660156 384 ) (-1505.383179 -1588.660522 512 ) (-1432.697876 -1827.068481 512 ) 
4 263 271 (-1505.383789 -1588.660156 384 ) (-1519 -1544.001953 384 ) (-1518.998535 -1544.002563 512 ) (-1505.383179 -1588.660522 512 ) 
4 263 265 (-1544 -1461.997192 384 ) (-1570.218750 -1376 384 ) (-1570.218750 -1376 512 ) (-1544 -1461.996338 512 ) 
4 263 264 (-1365.341797 -2048 384 ) (-1432.698730 -1827.068237 384 ) (-1432.697876 -1827.068481 512 ) (-1365.340698 -2048 512 ) 
4 264 308 (-1024 -2048 384 ) (-1024 -2048 512 ) (-1365.341431 -2048 512 ) (-1365.341431 -2048 384 ) 
4 264 273 (-1265.207764 -1859.589844 384 ) (-1367.327515 -1839.761108 384 ) (-1367.327271 -1839.761353 512 ) (-1265.207275 -1859.590454 512 ) 
4 264 272 (-1367.327515 -1839.761108 384 ) (-1432.693359 -1827.068848 384 ) (-1432.693359 -1827.068848 512 ) (-1367.327271 -1839.761353 512 ) 
4 264 268 (-1088.008057 -1893.997192 384 ) (-1265.207764 -1859.589844 384 ) (-1265.207275 -1859.590454 512 ) (-1088.002197 -1894 512 ) 
4 267 273 (-1330.896606 -1776.872437 384 ) (-1323.641968 -1786.007813 384 ) (-1323.641968 -1786.007813 512 ) (-1330.896606 -1776.872437 512 ) 
4 267 269 (-1323.642456 -1786.008057 512 ) (-1323.642456 -1786.008057 384 ) (-1313.081299 -1789.343140 384 ) (-1313.081299 -1789.343140 512 ) 
4 268 273 (-1295.695557 -1821.199463 384 ) (-1265.208984 -1859.589844 384 ) (-1265.208984 -1859.589844 512 ) (-1295.695557 -1821.199463 512 ) 
4 268 270 (-1185.002930 -1859.998535 384 ) (-1239.367065 -1840.942993 384 ) (-1239.367065 -1840.942993 512 ) (-1185.002930 -1859.998535 512 ) 
4 268 269 (-1239.367065 -1840.942993 384 ) (-1295.694214 -1821.199463 384 ) (-1295.694214 -1821.199463 512 ) (-1239.367065 -1840.942993 512 ) 
4 269 273 (-1323.641968 -1786.007813 384 ) (-1295.695557 -1821.199463 384 ) (-1295.695557 -1821.199463 512 ) (-1323.641968 -1786.007813 512 ) 
4 269 270 (-1239.361328 -1840.945313 512 ) (-1239.361328 -1840.945313 384 ) (-1274.992065 -1816.003784 384 ) (-1274.992065 -1816.003784 512 ) 
4 271 272 (-1505.385376 -1588.657837 512 ) (-1505.385376 -1588.657837 384 ) (-1487.711060 -1605.013306 384 ) (-1487.711060 -1605.013306 512 ) 
4 272 275 (-1456.517822 -1665.838379 384 ) (-1478.997070 -1622.003906 384 ) (-1478.997070 -1622.003906 512 ) (-1456.517822 -1665.838379 512 ) 
4 272 274 (-1438.038574 -1701.872925 384 ) (-1456.517822 -1665.838379 384 ) (-1456.517822 -1665.838379 512 ) (-1438.038574 -1701.872925 512 ) 
4 272 273 (-1367.326294 -1839.761841 512 ) (-1367.326294 -1839.761841 384 ) (-1438.038574 -1701.872925 384 ) (-1438.038574 -1701.872925 512 ) 
4 273 274 (-1354.992676 -1760.006836 384 ) (-1438.042969 -1701.871094 384 ) (-1438.042969 -1701.871094 512 ) (-1354.992676 -1760.006836 512 ) 
4 274 275 (-1423.993896 -1696.008423 384 ) (-1456.517578 -1665.841919 384 ) (-1456.517578 -1665.841919 512 ) (-1423.993896 -1696.008423 512 ) 
4 276 309 (-1024 -2048 -0.741228 ) (-1024 -2048 352 ) (-2048 -2048 352 ) (-2048 -2048 -0.741228 ) 
4 276 303 (-2048 -2048 -0.741228 ) (-2048 -2048 352 ) (-2048 -1024 352 ) (-2048 -1024 -0.741228 ) 
4 277 300 (-2048 -1024 512 ) (-2048 -1024 2697.739990 ) (-2700.979980 -1024 2697.739990 ) (-2700.979980 -1024 512 ) 
4 277 294 (-2700.979980 0 512 ) (-2544 0 512 ) (-2544 -1024 512 ) (-2700.979980 -1024 512 ) 
4 277 293 (-2528 -1024 512 ) (-2544 -1024 512 ) (-2544 -656 512 ) (-2528 -656 512 ) 
4 277 291 (-2432 -64 512 ) (-2432 -640 512 ) (-2528 -640 512 ) (-2528 -64 512 ) 
4 277 292 (-2432 -656 512 ) (-2432 -1024 512 ) (-2528 -1024 512 ) (-2528 -656 512 ) 
4 277 290 (-2544 0 512 ) (-2432 0 512 ) (-2432 -48 512 ) (-2544 -48 512 ) 
4 277 289 (-2176 -960 512 ) (-2176 -1024 512 ) (-2219.610107 -1024 512 ) (-2303.480225 -960 512 ) 
4 277 288 (-2236.129883 -1024 512 ) (-2432 -1024 512 ) (-2432 -960 512 ) (-2320 -960 512 ) 
4 277 287 (-2176 -640 512 ) (-2176 -960 512 ) (-2303.970215 -960 512 ) (-2416 -640 512 ) 
3 277 286 (-2319.969971 -960 512 ) (-2432 -960 512 ) (-2432 -640 512 ) 
4 277 285 (-2416 -64 512 ) (-2416 -640 512 ) (-2432 -640 512 ) (-2432 -64 512 ) 
4 277 282 (-2304 0 512 ) (-2176 0 512 ) (-2176 -240 512 ) (-2304 -240 512 ) 
4 277 283 (-2176 -256 512 ) (-2176 -640 512 ) (-2304 -640 512 ) (-2304 -256 512 ) 
4 277 284 (-2416 0 512 ) (-2304 0 512 ) (-2304 -640 512 ) (-2416 -640 512 ) 
4 277 280 (-2160 -448 512 ) (-2160 -576 512 ) (-2176 -576 512 ) (-2176 -448 512 ) 
4 277 281 (-2160 -704 512 ) (-2160 -1024 512 ) (-2176 -1024 512 ) (-2176 -704 512 ) 
4 277 279 (-2160 0 512 ) (-2048 0 512 ) (-2048 -640.555542 512 ) (-2160 -688 512 ) 
4 277 278 (-2048 -656.555603 512 ) (-2048 -1024 512 ) (-2160 -1024 512 ) (-2160 -704 512 ) 
4 278 302 (-2048 -1024 384 ) (-2048 -1024 512 ) (-2160 -1024 512 ) (-2160 -1024 384 ) 
4 278 281 (-2160 -704 384 ) (-2160 -1024 384 ) (-2160 -1024 512 ) (-2160 -704 512 ) 
4 279 280 (-2160 -448 384 ) (-2160 -576 384 ) (-2160 -576 512 ) (-2160 -448 512 ) 
4 280 283 (-2176 -448 384 ) (-2176 -576 384 ) (-2176 -576 512 ) (-2176 -448 512 ) 
4 281 302 (-2160 -1024 512 ) (-2176 -1024 512 ) (-2176 -1024 384 ) (-2160 -1024 384 ) 
4 281 289 (-2176 -960 384 ) (-2176 -1024 384 ) (-2176 -1024 512 ) (-2176 -960 512 ) 
4 281 287 (-2176 -704 384 ) (-2176 -960 384 ) (-2176 -960 512 ) (-2176 -704 512 ) 
4 282 284 (-2304 0 384 ) (-2304 -240 384 ) (-2304 -240 512 ) (-2304 0 512 ) 
4 283 287 (-2304 -640 384 ) (-2176 -640 384 ) (-2176 -640 512 ) (-2304 -640 512 ) 
4 283 284 (-2304 -256 384 ) (-2304 -640 384 ) (-2304 -640 512 ) (-2304 -256 512 ) 
4 284 287 (-2416 -640 384 ) (-2304 -640 384 ) (-2304 -640 512 ) (-2416 -640 512 ) 
4 284 285 (-2416 -64 384 ) (-2416 -640 384 ) (-2416 -640 512 ) (-2416 -64 512 ) 
4 285 291 (-2432 -64 384 ) (-2432 -640 384 ) (-2432 -640 512 ) (-2432 -64 512 ) 
4 286 292 (-2432 -656 384 ) (-2432 -960 384 ) (-2432 -960 512 ) (-2432 -656 512 ) 
4 286 288 (-2432 -960 512 ) (-2432 -960 384 ) (-2319.969971 -960 384 ) (-2319.969971 -960 512 ) 
4 287 289 (-2303.479980 -960 384 ) (-2176 -960 384 ) (-2176 -960 512 ) (-2303.479980 -960 512 ) 
4 288 301 (-2236.129883 -1024 512 ) (-2432 -1024 512 ) (-2432 -1024 384 ) (-2236.129883 -1024 384 ) 
4 288 292 (-2432 -960 384 ) (-2432 -1024 384 ) (-2432 -1024 512 ) (-2432 -960 512 ) 
4 289 302 (-2176 -1024 512 ) (-2219.610107 -1024 512 ) (-2219.610107 -1024 384 ) (-2176 -1024 384 ) 
4 290 296 (-2544 -48 384 ) (-2544 0 384 ) (-2432 0 384 ) (-2432 -48 384 ) 
4 290 294 (-2544 0 384 ) (-2544 -48 384 ) (-2544 -48 512 ) (-2544 0 512 ) 
4 292 301 (-2432 -1024 512 ) (-2528 -1024 512 ) (-2528 -1024 384 ) (-2432 -1024 384 ) 
4 292 298 (-2432 -1024 384 ) (-2528 -1024 384 ) (-2528 -656 384 ) (-2432 -656 384 ) 
4 292 293 (-2528 -656 384 ) (-2528 -1024 384 ) (-2528 -1024 512 ) (-2528 -656 512 ) 
4 293 301 (-2528 -1024 512 ) (-2544 -1024 512 ) (-2544 -1024 384 ) (-2528 -1024 384 ) 
4 293 298 (-2528 -1024 384 ) (-2544 -1024 384 ) (-2544 -656 384 ) (-2528 -656 384 ) 
4 293 294 (-2544 -656 384 ) (-2544 -1024 384 ) (-2544 -1024 512 ) (-2544 -656 512 ) 
4 294 301 (-2544 -1024 512 ) (-2700.979980 -1024 512 ) (-2700.979980 -1024 384 ) (-2544 -1024 384 ) 
4 294 299 (-2544 -1024 384 ) (-2700.979980 -1024 384 ) (-2700.979980 0 384 ) (-2544 0 384 ) 
4 295 303 (-2048 -1024 -0.741228 ) (-2048 -1024 352 ) (-2432 -1024 352 ) (-2432 -1024 -0.741228 ) 
4 295 297 (-2432 -48 -0.741228 ) (-2432 -656 -0.741228 ) (-2432 -656 352 ) (-2432 -48 352 ) 
4 295 296 (-2432 0 -0.741228 ) (-2432 -48 -0.741228 ) (-2432 -48 352 ) (-2432 0 352 ) 
4 295 298 (-2432 -656 -0.741228 ) (-2432 -1024 -0.741228 ) (-2432 -1024 352 ) (-2432 -656 352 ) 
4 296 299 (-2544 0 -0.741228 ) (-2544 -48 -0.741228 ) (-2544 -48 384 ) (-2544 0 384 ) 
4 296 297 (-2544 -48 352 ) (-2544 -48 -0.741228 ) (-2432 -48 -0.741228 ) (-2432 -48 352 ) 
4 297 299 (-2544 -48 -0.741228 ) (-2544 -656 -0.741228 ) (-2544 -656 352 ) (-2544 -48 352 ) 
4 297 298 (-2544 -656 352 ) (-2544 -656 -0.741228 ) (-2432 -656 -0.741228 ) (-2432 -656 352 ) 
4 298 304 (-2432 -1024 384 ) (-2544 -1024 384 ) (-2544 -1024 -0.741228 ) (-2432 -1024 -0.741228 ) 
4 298 299 (-2544 -656 -0.741228 ) (-2544 -1024 -0.741228 ) (-2544 -1024 384 ) (-2544 -656 384 ) 
4 299 304 (-2544 -1024 384 ) (-2700.979980 -1024 384 ) (-2700.979980 -1024 -0.741228 ) (-2544 -1024 -0.741228 ) 
4 300 311 (-2048 -2048 512 ) (-2048 -2048 2697.739990 ) (-2432 -2048 2697.739990 ) (-2432 -2048 512 ) 
4 300 313 (-2432 -2048 2697.739990 ) (-2700.979980 -2048 2697.739990 ) (-2700.979980 -2048 512 ) (-2432 -2048 512 ) 
3 300 302 (-2219.610107 -1024 512 ) (-2048 -1024 512 ) (-2048 -1154.953247 512 ) 
5 300 301 (-2700.979980 -2048 512 ) (-2700.979980 -1024 512 ) (-2236.129883 -1024 512 ) (-2048 -1167.559204 512 ) (-2048 -2048 512 ) 
4 301 311 (-2048 -2048 384 ) (-2048 -2048 512 ) (-2432 -2048 512 ) (-2432 -2048 384 ) 
4 301 313 (-2432 -2048 512 ) (-2700.979980 -2048 512 ) (-2700.979980 -2048 384 ) (-2432 -2048 384 ) 
4 301 304 (-2700.979980 -1024 384 ) (-2432 -1024 384 ) (-2432 -2048 384 ) (-2700.979980 -2048 384 ) 
4 303 312 (-2048 -2048 -0.741228 ) (-2048 -2048 352 ) (-2432 -2048 352 ) (-2432 -2048 -0.741228 ) 
4 303 304 (-2432 -1024 -0.741228 ) (-2432 -2048 -0.741228 ) (-2432 -2048 352 ) (-2432 -1024 352 ) 
4 304 313 (-2432 -2048 384 ) (-2700.979980 -2048 384 ) (-2700.979980 -2048 -0.741228 ) (-2432 -2048 -0.741228 ) 
4 305 308 (-1024 -2048 2697.739990 ) (-1024 -2048 384 ) (-1024 -2112 384 ) (-1024 -2112 2697.739990 ) 
4 305 307 (0 -2112 384 ) (0 -2112 2697.739990 ) (-1024 -2112 2697.739990 ) (-1024 -2112 384 ) 
4 306 309 (-1024 -2048 352 ) (-1024 -2048 -0.741228 ) (-1024 -2112 -0.741228 ) (-1024 -2112 352 ) 
4 306 307 (-1024 -2112 -0.741228 ) (0 -2112 -0.741228 ) (0 -2112 352 ) (-1024 -2112 352 ) 
4 307 310 (-1024 -2112 -0.741228 ) (-1024 -2301.580078 -0.741228 ) (-1024 -2301.580078 2697.739990 ) (-1024 -2112 2697.739990 ) 
4 308 311 (-2048 -2048 2697.739990 ) (-2048 -2048 384 ) (-2048 -2112 384 ) (-2048 -2112 2697.739990 ) 
4 308 310 (-1024 -2112 384 ) (-1024 -2112 2697.739990 ) (-2048 -2112 2697.739990 ) (-2048 -2112 384 ) 
4 309 312 (-2048 -2048 352 ) (-2048 -2048 -0.741228 ) (-2048 -2112 -0.741228 ) (-2048 -2112 352 ) 
4 309 310 (-2048 -2112 -0.741228 ) (-1024 -2112 -0.741228 ) (-1024 -2112 352 ) (-2048 -2112 352 ) 
4 310 314 (-2048 -2112 -0.741228 ) (-2048 -2301.580078 -0.741228 ) (-2048 -2301.580078 2697.739990 ) (-2048 -2112 2697.739990 ) 
4 311 314 (-2048 -2112 384 ) (-2048 -2112 2697.739990 ) (-2432 -2112 2697.739990 ) (-2432 -2112 384 ) 
4 311 313 (-2432 -2112 384 ) (-2432 -2112 2697.739990 ) (-2432 -2048 2697.739990 ) (-2432 -2048 384 ) 
4 312 314 (-2432 -2112 -0.741228 ) (-2048 -2112 -0.741228 ) (-2048 -2112 352 ) (-2432 -2112 352 ) 
4 312 313 (-2432 -2048 -0.741228 ) (-2432 -2112 -0.741228 ) (-2432 -2112 352 ) (-2432 -2048 352 ) 
4 313 314 (-2700.979980 -2112 2697.739990 ) (-2700.979980 -2112 -0.741228 ) (-2432 -2112 -0.741228 ) (-2432 -2112 2697.739990 ) 
